{"C:\\Users\\С\\Desktop\\clockwise-project\\clockwise-co-project-server\\server.js": {"path":"C:\\Users\\С\\Desktop\\clockwise-project\\clockwise-co-project-server\\server.js","statementMap":{"0":{"start":{"line":1,"column":0},"end":{"line":1,"column":69}},"1":{"start":{"line":2,"column":16},"end":{"line":2,"column":34}},"2":{"start":{"line":3,"column":19},"end":{"line":3,"column":41}},"3":{"start":{"line":4,"column":13},"end":{"line":4,"column":28}},"4":{"start":{"line":6,"column":17},"end":{"line":6,"column":36}},"5":{"start":{"line":8,"column":22},"end":{"line":8,"column":55}},"6":{"start":{"line":9,"column":20},"end":{"line":9,"column":51}},"7":{"start":{"line":10,"column":21},"end":{"line":10,"column":53}},"8":{"start":{"line":11,"column":19},"end":{"line":11,"column":52}},"9":{"start":{"line":12,"column":21},"end":{"line":12,"column":53}},"10":{"start":{"line":14,"column":12},"end":{"line":14,"column":21}},"11":{"start":{"line":16,"column":0},"end":{"line":16,"column":16}},"12":{"start":{"line":17,"column":0},"end":{"line":17,"column":51}},"13":{"start":{"line":18,"column":0},"end":{"line":18,"column":27}},"14":{"start":{"line":19,"column":0},"end":{"line":19,"column":31}},"15":{"start":{"line":20,"column":0},"end":{"line":20,"column":39}},"16":{"start":{"line":22,"column":0},"end":{"line":24,"column":3}},"17":{"start":{"line":23,"column":2},"end":{"line":23,"column":39}},"18":{"start":{"line":26,"column":0},"end":{"line":26,"column":25}},"19":{"start":{"line":27,"column":0},"end":{"line":27,"column":27}},"20":{"start":{"line":29,"column":0},"end":{"line":29,"column":58}},"21":{"start":{"line":30,"column":0},"end":{"line":30,"column":35}},"22":{"start":{"line":31,"column":0},"end":{"line":31,"column":31}},"23":{"start":{"line":32,"column":0},"end":{"line":32,"column":33}},"24":{"start":{"line":34,"column":0},"end":{"line":39,"column":3}},"25":{"start":{"line":35,"column":2},"end":{"line":35,"column":18}},"26":{"start":{"line":36,"column":2},"end":{"line":36,"column":44}},"27":{"start":{"line":37,"column":2},"end":{"line":37,"column":31}},"28":{"start":{"line":38,"column":2},"end":{"line":38,"column":14}},"29":{"start":{"line":41,"column":0},"end":{"line":41,"column":21}},"30":{"start":{"line":43,"column":0},"end":{"line":47,"column":1}},"31":{"start":{"line":44,"column":2},"end":{"line":46,"column":5}},"32":{"start":{"line":45,"column":4},"end":{"line":45,"column":32}}},"fnMap":{"0":{"name":"(anonymous_0)","decl":{"start":{"line":22,"column":13},"end":{"line":22,"column":14}},"loc":{"start":{"line":22,"column":33},"end":{"line":24,"column":1}},"line":22},"1":{"name":"(anonymous_1)","decl":{"start":{"line":34,"column":8},"end":{"line":34,"column":9}},"loc":{"start":{"line":34,"column":35},"end":{"line":39,"column":1}},"line":34},"2":{"name":"(anonymous_2)","decl":{"start":{"line":44,"column":39},"end":{"line":44,"column":40}},"loc":{"start":{"line":44,"column":51},"end":{"line":46,"column":3}},"line":44}},"branchMap":{"0":{"loc":{"start":{"line":1,"column":0},"end":{"line":1,"column":68}},"type":"cond-expr","locations":[{"start":{"line":1,"column":32},"end":{"line":1,"column":36}},{"start":{"line":1,"column":37},"end":{"line":1,"column":68}}],"line":1},"1":{"loc":{"start":{"line":43,"column":0},"end":{"line":47,"column":1}},"type":"if","locations":[{"start":{"line":43,"column":0},"end":{"line":47,"column":1}},{"start":{"line":43,"column":0},"end":{"line":47,"column":1}}],"line":43},"2":{"loc":{"start":{"line":44,"column":13},"end":{"line":44,"column":37}},"type":"binary-expr","locations":[{"start":{"line":44,"column":13},"end":{"line":44,"column":29}},{"start":{"line":44,"column":33},"end":{"line":44,"column":37}}],"line":44}},"s":{"0":5,"1":5,"2":5,"3":5,"4":5,"5":5,"6":5,"7":5,"8":5,"9":5,"10":5,"11":5,"12":5,"13":5,"14":5,"15":5,"16":5,"17":0,"18":5,"19":5,"20":5,"21":5,"22":5,"23":5,"24":5,"25":0,"26":0,"27":0,"28":0,"29":5,"30":5,"31":0,"32":0},"f":{"0":0,"1":0,"2":0},"b":{"0":[5,0],"1":[0,5],"2":[0,0]},"_coverageSchema":"1a1c01bbd47fc00a2c39e90264f33305004495a9","hash":"2a5c9c08f6cb090536bb6241f6d8e52310f3d1e2"}
,"C:\\Users\\С\\Desktop\\clockwise-project\\clockwise-co-project-server\\config\\passport.js": {"path":"C:\\Users\\С\\Desktop\\clockwise-project\\clockwise-co-project-server\\config\\passport.js","statementMap":{"0":{"start":{"line":1,"column":15},"end":{"line":1,"column":43}},"1":{"start":{"line":2,"column":18},"end":{"line":2,"column":50}},"2":{"start":{"line":3,"column":12},"end":{"line":3,"column":35}},"3":{"start":{"line":5,"column":13},"end":{"line":5,"column":44}},"4":{"start":{"line":8,"column":16},"end":{"line":8,"column":41}},"5":{"start":{"line":9,"column":2},"end":{"line":31,"column":3}},"6":{"start":{"line":10,"column":4},"end":{"line":19,"column":5}},"7":{"start":{"line":15,"column":20},"end":{"line":17,"column":8}},"8":{"start":{"line":18,"column":6},"end":{"line":18,"column":19}},"9":{"start":{"line":20,"column":4},"end":{"line":27,"column":5}},"10":{"start":{"line":21,"column":6},"end":{"line":26,"column":7}},"11":{"start":{"line":22,"column":22},"end":{"line":24,"column":10}},"12":{"start":{"line":25,"column":8},"end":{"line":25,"column":21}},"13":{"start":{"line":28,"column":4},"end":{"line":28,"column":16}},"14":{"start":{"line":30,"column":4},"end":{"line":30,"column":31}},"15":{"start":{"line":33,"column":0},"end":{"line":55,"column":2}},"16":{"start":{"line":34,"column":13},"end":{"line":34,"column":15}},"17":{"start":{"line":35,"column":2},"end":{"line":35,"column":37}},"18":{"start":{"line":36,"column":2},"end":{"line":36,"column":28}},"19":{"start":{"line":37,"column":2},"end":{"line":54,"column":4}},"20":{"start":{"line":39,"column":6},"end":{"line":52,"column":7}},"21":{"start":{"line":40,"column":8},"end":{"line":40,"column":23}},"22":{"start":{"line":41,"column":8},"end":{"line":43,"column":9}},"23":{"start":{"line":42,"column":10},"end":{"line":42,"column":25}},"24":{"start":{"line":45,"column":8},"end":{"line":51,"column":13}},"25":{"start":{"line":47,"column":12},"end":{"line":47,"column":29}},"26":{"start":{"line":50,"column":12},"end":{"line":50,"column":28}}},"fnMap":{"0":{"name":"myExtracktor","decl":{"start":{"line":7,"column":9},"end":{"line":7,"column":21}},"loc":{"start":{"line":7,"column":27},"end":{"line":32,"column":1}},"line":7},"1":{"name":"(anonymous_1)","decl":{"start":{"line":33,"column":17},"end":{"line":33,"column":18}},"loc":{"start":{"line":33,"column":37},"end":{"line":55,"column":1}},"line":33},"2":{"name":"(anonymous_2)","decl":{"start":{"line":38,"column":26},"end":{"line":38,"column":27}},"loc":{"start":{"line":38,"column":55},"end":{"line":53,"column":5}},"line":38},"3":{"name":"(anonymous_3)","decl":{"start":{"line":46,"column":16},"end":{"line":46,"column":17}},"loc":{"start":{"line":46,"column":26},"end":{"line":48,"column":11}},"line":46},"4":{"name":"(anonymous_4)","decl":{"start":{"line":49,"column":17},"end":{"line":49,"column":18}},"loc":{"start":{"line":49,"column":26},"end":{"line":51,"column":11}},"line":49}},"branchMap":{"0":{"loc":{"start":{"line":9,"column":2},"end":{"line":31,"column":3}},"type":"if","locations":[{"start":{"line":9,"column":2},"end":{"line":31,"column":3}},{"start":{"line":9,"column":2},"end":{"line":31,"column":3}}],"line":9},"1":{"loc":{"start":{"line":10,"column":4},"end":{"line":19,"column":5}},"type":"if","locations":[{"start":{"line":10,"column":4},"end":{"line":19,"column":5}},{"start":{"line":10,"column":4},"end":{"line":19,"column":5}}],"line":10},"2":{"loc":{"start":{"line":11,"column":6},"end":{"line":13,"column":37}},"type":"binary-expr","locations":[{"start":{"line":11,"column":6},"end":{"line":11,"column":26}},{"start":{"line":12,"column":7},"end":{"line":12,"column":29}},{"start":{"line":12,"column":33},"end":{"line":12,"column":63}},{"start":{"line":13,"column":6},"end":{"line":13,"column":37}}],"line":11},"3":{"loc":{"start":{"line":20,"column":4},"end":{"line":27,"column":5}},"type":"if","locations":[{"start":{"line":20,"column":4},"end":{"line":27,"column":5}},{"start":{"line":20,"column":4},"end":{"line":27,"column":5}}],"line":20},"4":{"loc":{"start":{"line":21,"column":6},"end":{"line":26,"column":7}},"type":"if","locations":[{"start":{"line":21,"column":6},"end":{"line":26,"column":7}},{"start":{"line":21,"column":6},"end":{"line":26,"column":7}}],"line":21},"5":{"loc":{"start":{"line":21,"column":10},"end":{"line":21,"column":41}},"type":"binary-expr","locations":[{"start":{"line":21,"column":10},"end":{"line":21,"column":24}},{"start":{"line":21,"column":28},"end":{"line":21,"column":41}}],"line":21},"6":{"loc":{"start":{"line":39,"column":6},"end":{"line":52,"column":7}},"type":"if","locations":[{"start":{"line":39,"column":6},"end":{"line":52,"column":7}},{"start":{"line":39,"column":6},"end":{"line":52,"column":7}}],"line":39},"7":{"loc":{"start":{"line":41,"column":8},"end":{"line":43,"column":9}},"type":"if","locations":[{"start":{"line":41,"column":8},"end":{"line":43,"column":9}},{"start":{"line":41,"column":8},"end":{"line":43,"column":9}}],"line":41},"8":{"loc":{"start":{"line":41,"column":12},"end":{"line":41,"column":49}},"type":"binary-expr","locations":[{"start":{"line":41,"column":12},"end":{"line":41,"column":29}},{"start":{"line":41,"column":33},"end":{"line":41,"column":49}}],"line":41}},"s":{"0":5,"1":5,"2":5,"3":5,"4":57,"5":57,"6":57,"7":57,"8":57,"9":0,"10":0,"11":0,"12":0,"13":0,"14":0,"15":5,"16":5,"17":5,"18":5,"19":5,"20":57,"21":57,"22":57,"23":0,"24":0,"25":0,"26":0},"f":{"0":57,"1":5,"2":57,"3":0,"4":0},"b":{"0":[57,0],"1":[57,0],"2":[57,56,9,50],"3":[0,0],"4":[0,0],"5":[0,0],"6":[57,0],"7":[0,57],"8":[57,0]},"_coverageSchema":"1a1c01bbd47fc00a2c39e90264f33305004495a9","hash":"37fb59f479c52475ccce1f15139ba6ee8b9c02fd"}
,"C:\\Users\\С\\Desktop\\clockwise-project\\clockwise-co-project-server\\controllers\\accountController.js": {"path":"C:\\Users\\С\\Desktop\\clockwise-project\\clockwise-co-project-server\\controllers\\accountController.js","statementMap":{"0":{"start":{"line":1,"column":13},"end":{"line":1,"column":44}},"1":{"start":{"line":3,"column":13},"end":{"line":3,"column":50}},"2":{"start":{"line":4,"column":15},"end":{"line":4,"column":43}},"3":{"start":{"line":6,"column":12},"end":{"line":6,"column":35}},"4":{"start":{"line":7,"column":15},"end":{"line":7,"column":32}},"5":{"start":{"line":9,"column":19},"end":{"line":9,"column":51}},"6":{"start":{"line":13,"column":4},"end":{"line":13,"column":23}},"7":{"start":{"line":14,"column":4},"end":{"line":14,"column":39}},"8":{"start":{"line":15,"column":4},"end":{"line":15,"column":41}},"9":{"start":{"line":16,"column":4},"end":{"line":16,"column":49}},"10":{"start":{"line":17,"column":4},"end":{"line":17,"column":57}},"11":{"start":{"line":20,"column":20},"end":{"line":20,"column":28}},"12":{"start":{"line":21,"column":29},"end":{"line":21,"column":72}},"13":{"start":{"line":22,"column":4},"end":{"line":24,"column":5}},"14":{"start":{"line":23,"column":6},"end":{"line":23,"column":46}},"15":{"start":{"line":25,"column":4},"end":{"line":44,"column":37}},"16":{"start":{"line":30,"column":8},"end":{"line":39,"column":9}},"17":{"start":{"line":31,"column":10},"end":{"line":33,"column":13}},"18":{"start":{"line":35,"column":10},"end":{"line":38,"column":13}},"19":{"start":{"line":42,"column":8},"end":{"line":42,"column":76}},"20":{"start":{"line":44,"column":22},"end":{"line":44,"column":35}},"21":{"start":{"line":47,"column":4},"end":{"line":75,"column":7}},"22":{"start":{"line":48,"column":6},"end":{"line":74,"column":9}},"23":{"start":{"line":49,"column":8},"end":{"line":55,"column":9}},"24":{"start":{"line":50,"column":10},"end":{"line":54,"column":13}},"25":{"start":{"line":56,"column":8},"end":{"line":73,"column":9}},"26":{"start":{"line":57,"column":10},"end":{"line":57,"column":76}},"27":{"start":{"line":59,"column":24},"end":{"line":61,"column":12}},"28":{"start":{"line":62,"column":10},"end":{"line":72,"column":13}},"29":{"start":{"line":78,"column":32},"end":{"line":78,"column":40}},"30":{"start":{"line":79,"column":29},"end":{"line":79,"column":64}},"31":{"start":{"line":80,"column":4},"end":{"line":83,"column":5}},"32":{"start":{"line":81,"column":6},"end":{"line":81,"column":65}},"33":{"start":{"line":82,"column":6},"end":{"line":82,"column":19}},"34":{"start":{"line":84,"column":4},"end":{"line":98,"column":9}},"35":{"start":{"line":87,"column":8},"end":{"line":91,"column":9}},"36":{"start":{"line":88,"column":10},"end":{"line":88,"column":76}},"37":{"start":{"line":90,"column":10},"end":{"line":90,"column":54}},"38":{"start":{"line":94,"column":8},"end":{"line":94,"column":43}},"39":{"start":{"line":97,"column":8},"end":{"line":97,"column":41}},"40":{"start":{"line":101,"column":20},"end":{"line":101,"column":28}},"41":{"start":{"line":102,"column":29},"end":{"line":102,"column":64}},"42":{"start":{"line":103,"column":4},"end":{"line":106,"column":5}},"43":{"start":{"line":104,"column":6},"end":{"line":104,"column":65}},"44":{"start":{"line":105,"column":6},"end":{"line":105,"column":19}},"45":{"start":{"line":107,"column":4},"end":{"line":151,"column":66}},"46":{"start":{"line":114,"column":8},"end":{"line":123,"column":9}},"47":{"start":{"line":115,"column":10},"end":{"line":119,"column":13}},"48":{"start":{"line":121,"column":10},"end":{"line":121,"column":32}},"49":{"start":{"line":122,"column":10},"end":{"line":122,"column":25}},"50":{"start":{"line":127,"column":23},"end":{"line":127,"column":50}},"51":{"start":{"line":128,"column":10},"end":{"line":134,"column":11}},"52":{"start":{"line":129,"column":12},"end":{"line":133,"column":15}},"53":{"start":{"line":135,"column":10},"end":{"line":147,"column":80}},"54":{"start":{"line":138,"column":14},"end":{"line":145,"column":16}},"55":{"start":{"line":147,"column":28},"end":{"line":147,"column":78}},"56":{"start":{"line":149,"column":8},"end":{"line":149,"column":79}},"57":{"start":{"line":151,"column":23},"end":{"line":151,"column":64}},"58":{"start":{"line":154,"column":32},"end":{"line":154,"column":40}},"59":{"start":{"line":155,"column":29},"end":{"line":155,"column":64}},"60":{"start":{"line":156,"column":4},"end":{"line":159,"column":5}},"61":{"start":{"line":157,"column":6},"end":{"line":157,"column":65}},"62":{"start":{"line":158,"column":6},"end":{"line":158,"column":19}},"63":{"start":{"line":160,"column":4},"end":{"line":177,"column":9}},"64":{"start":{"line":163,"column":8},"end":{"line":170,"column":9}},"65":{"start":{"line":164,"column":10},"end":{"line":167,"column":13}},"66":{"start":{"line":169,"column":10},"end":{"line":169,"column":54}},"67":{"start":{"line":173,"column":8},"end":{"line":173,"column":43}},"68":{"start":{"line":176,"column":8},"end":{"line":176,"column":41}},"69":{"start":{"line":181,"column":0},"end":{"line":181,"column":45}}},"fnMap":{"0":{"name":"(anonymous_0)","decl":{"start":{"line":12,"column":2},"end":{"line":12,"column":3}},"loc":{"start":{"line":12,"column":21},"end":{"line":18,"column":3}},"line":12},"1":{"name":"(anonymous_1)","decl":{"start":{"line":19,"column":2},"end":{"line":19,"column":3}},"loc":{"start":{"line":19,"column":27},"end":{"line":45,"column":3}},"line":19},"2":{"name":"(anonymous_2)","decl":{"start":{"line":29,"column":12},"end":{"line":29,"column":13}},"loc":{"start":{"line":29,"column":22},"end":{"line":40,"column":7}},"line":29},"3":{"name":"(anonymous_3)","decl":{"start":{"line":41,"column":12},"end":{"line":41,"column":13}},"loc":{"start":{"line":42,"column":8},"end":{"line":42,"column":76}},"line":42},"4":{"name":"(anonymous_4)","decl":{"start":{"line":44,"column":13},"end":{"line":44,"column":14}},"loc":{"start":{"line":44,"column":22},"end":{"line":44,"column":35}},"line":44},"5":{"name":"(anonymous_5)","decl":{"start":{"line":46,"column":2},"end":{"line":46,"column":3}},"loc":{"start":{"line":46,"column":34},"end":{"line":76,"column":3}},"line":46},"6":{"name":"(anonymous_6)","decl":{"start":{"line":47,"column":23},"end":{"line":47,"column":24}},"loc":{"start":{"line":47,"column":45},"end":{"line":75,"column":5}},"line":47},"7":{"name":"(anonymous_7)","decl":{"start":{"line":48,"column":46},"end":{"line":48,"column":47}},"loc":{"start":{"line":48,"column":69},"end":{"line":74,"column":7}},"line":48},"8":{"name":"(anonymous_8)","decl":{"start":{"line":77,"column":2},"end":{"line":77,"column":3}},"loc":{"start":{"line":77,"column":18},"end":{"line":99,"column":3}},"line":77},"9":{"name":"(anonymous_9)","decl":{"start":{"line":86,"column":12},"end":{"line":86,"column":13}},"loc":{"start":{"line":86,"column":22},"end":{"line":92,"column":7}},"line":86},"10":{"name":"(anonymous_10)","decl":{"start":{"line":93,"column":12},"end":{"line":93,"column":13}},"loc":{"start":{"line":93,"column":22},"end":{"line":95,"column":7}},"line":93},"11":{"name":"(anonymous_11)","decl":{"start":{"line":96,"column":13},"end":{"line":96,"column":14}},"loc":{"start":{"line":96,"column":22},"end":{"line":98,"column":7}},"line":96},"12":{"name":"(anonymous_12)","decl":{"start":{"line":100,"column":2},"end":{"line":100,"column":3}},"loc":{"start":{"line":100,"column":19},"end":{"line":152,"column":3}},"line":100},"13":{"name":"(anonymous_13)","decl":{"start":{"line":113,"column":12},"end":{"line":113,"column":13}},"loc":{"start":{"line":113,"column":22},"end":{"line":124,"column":7}},"line":113},"14":{"name":"(anonymous_14)","decl":{"start":{"line":125,"column":12},"end":{"line":125,"column":13}},"loc":{"start":{"line":125,"column":22},"end":{"line":150,"column":7}},"line":125},"15":{"name":"bcryptHashCallBack","decl":{"start":{"line":126,"column":17},"end":{"line":126,"column":35}},"loc":{"start":{"line":126,"column":47},"end":{"line":148,"column":9}},"line":126},"16":{"name":"(anonymous_16)","decl":{"start":{"line":137,"column":18},"end":{"line":137,"column":19}},"loc":{"start":{"line":138,"column":14},"end":{"line":145,"column":16}},"line":138},"17":{"name":"(anonymous_17)","decl":{"start":{"line":147,"column":19},"end":{"line":147,"column":20}},"loc":{"start":{"line":147,"column":28},"end":{"line":147,"column":78}},"line":147},"18":{"name":"(anonymous_18)","decl":{"start":{"line":151,"column":13},"end":{"line":151,"column":14}},"loc":{"start":{"line":151,"column":23},"end":{"line":151,"column":64}},"line":151},"19":{"name":"(anonymous_19)","decl":{"start":{"line":153,"column":2},"end":{"line":153,"column":3}},"loc":{"start":{"line":153,"column":23},"end":{"line":178,"column":3}},"line":153},"20":{"name":"(anonymous_20)","decl":{"start":{"line":162,"column":12},"end":{"line":162,"column":13}},"loc":{"start":{"line":162,"column":22},"end":{"line":171,"column":7}},"line":162},"21":{"name":"(anonymous_21)","decl":{"start":{"line":172,"column":12},"end":{"line":172,"column":13}},"loc":{"start":{"line":172,"column":22},"end":{"line":174,"column":7}},"line":172},"22":{"name":"(anonymous_22)","decl":{"start":{"line":175,"column":13},"end":{"line":175,"column":14}},"loc":{"start":{"line":175,"column":22},"end":{"line":177,"column":7}},"line":175}},"branchMap":{"0":{"loc":{"start":{"line":22,"column":4},"end":{"line":24,"column":5}},"type":"if","locations":[{"start":{"line":22,"column":4},"end":{"line":24,"column":5}},{"start":{"line":22,"column":4},"end":{"line":24,"column":5}}],"line":22},"1":{"loc":{"start":{"line":30,"column":8},"end":{"line":39,"column":9}},"type":"if","locations":[{"start":{"line":30,"column":8},"end":{"line":39,"column":9}},{"start":{"line":30,"column":8},"end":{"line":39,"column":9}}],"line":30},"2":{"loc":{"start":{"line":49,"column":8},"end":{"line":55,"column":9}},"type":"if","locations":[{"start":{"line":49,"column":8},"end":{"line":55,"column":9}},{"start":{"line":49,"column":8},"end":{"line":55,"column":9}}],"line":49},"3":{"loc":{"start":{"line":56,"column":8},"end":{"line":73,"column":9}},"type":"if","locations":[{"start":{"line":56,"column":8},"end":{"line":73,"column":9}},{"start":{"line":56,"column":8},"end":{"line":73,"column":9}}],"line":56},"4":{"loc":{"start":{"line":80,"column":4},"end":{"line":83,"column":5}},"type":"if","locations":[{"start":{"line":80,"column":4},"end":{"line":83,"column":5}},{"start":{"line":80,"column":4},"end":{"line":83,"column":5}}],"line":80},"5":{"loc":{"start":{"line":87,"column":8},"end":{"line":91,"column":9}},"type":"if","locations":[{"start":{"line":87,"column":8},"end":{"line":91,"column":9}},{"start":{"line":87,"column":8},"end":{"line":91,"column":9}}],"line":87},"6":{"loc":{"start":{"line":103,"column":4},"end":{"line":106,"column":5}},"type":"if","locations":[{"start":{"line":103,"column":4},"end":{"line":106,"column":5}},{"start":{"line":103,"column":4},"end":{"line":106,"column":5}}],"line":103},"7":{"loc":{"start":{"line":114,"column":8},"end":{"line":123,"column":9}},"type":"if","locations":[{"start":{"line":114,"column":8},"end":{"line":123,"column":9}},{"start":{"line":114,"column":8},"end":{"line":123,"column":9}}],"line":114},"8":{"loc":{"start":{"line":128,"column":10},"end":{"line":134,"column":11}},"type":"if","locations":[{"start":{"line":128,"column":10},"end":{"line":134,"column":11}},{"start":{"line":128,"column":10},"end":{"line":134,"column":11}}],"line":128},"9":{"loc":{"start":{"line":151,"column":34},"end":{"line":151,"column":52}},"type":"binary-expr","locations":[{"start":{"line":151,"column":34},"end":{"line":151,"column":45}},{"start":{"line":151,"column":49},"end":{"line":151,"column":52}}],"line":151},"10":{"loc":{"start":{"line":156,"column":4},"end":{"line":159,"column":5}},"type":"if","locations":[{"start":{"line":156,"column":4},"end":{"line":159,"column":5}},{"start":{"line":156,"column":4},"end":{"line":159,"column":5}}],"line":156},"11":{"loc":{"start":{"line":163,"column":8},"end":{"line":170,"column":9}},"type":"if","locations":[{"start":{"line":163,"column":8},"end":{"line":170,"column":9}},{"start":{"line":163,"column":8},"end":{"line":170,"column":9}}],"line":163},"12":{"loc":{"start":{"line":163,"column":12},"end":{"line":163,"column":42}},"type":"binary-expr","locations":[{"start":{"line":163,"column":12},"end":{"line":163,"column":17}},{"start":{"line":163,"column":21},"end":{"line":163,"column":42}}],"line":163}},"s":{"0":5,"1":5,"2":5,"3":5,"4":5,"5":5,"6":5,"7":5,"8":5,"9":5,"10":5,"11":0,"12":0,"13":0,"14":0,"15":0,"16":0,"17":0,"18":0,"19":0,"20":0,"21":1,"22":1,"23":1,"24":0,"25":1,"26":0,"27":1,"28":1,"29":4,"30":4,"31":4,"32":2,"33":2,"34":2,"35":2,"36":1,"37":1,"38":1,"39":1,"40":2,"41":2,"42":2,"43":0,"44":0,"45":2,"46":2,"47":1,"48":1,"49":1,"50":1,"51":1,"52":0,"53":1,"54":1,"55":0,"56":1,"57":1,"58":0,"59":0,"60":0,"61":0,"62":0,"63":0,"64":0,"65":0,"66":0,"67":0,"68":0,"69":5},"f":{"0":5,"1":0,"2":0,"3":0,"4":0,"5":1,"6":1,"7":1,"8":4,"9":2,"10":1,"11":1,"12":2,"13":2,"14":1,"15":1,"16":1,"17":0,"18":1,"19":0,"20":0,"21":0,"22":0},"b":{"0":[0,0],"1":[0,0],"2":[0,1],"3":[0,1],"4":[2,2],"5":[1,1],"6":[0,2],"7":[1,1],"8":[0,1],"9":[1,0],"10":[0,0],"11":[0,0],"12":[0,0]},"_coverageSchema":"1a1c01bbd47fc00a2c39e90264f33305004495a9","hash":"9399dc0ea2ab7c47e23685ab527bb276ff556109"}
,"C:\\Users\\С\\Desktop\\clockwise-project\\clockwise-co-project-server\\controllers\\mailerController.js": {"path":"C:\\Users\\С\\Desktop\\clockwise-project\\clockwise-co-project-server\\controllers\\mailerController.js","statementMap":{"0":{"start":{"line":1,"column":19},"end":{"line":1,"column":40}},"1":{"start":{"line":5,"column":4},"end":{"line":5,"column":51}},"2":{"start":{"line":8,"column":22},"end":{"line":14,"column":6}},"3":{"start":{"line":15,"column":18},"end":{"line":21,"column":5}},"4":{"start":{"line":22,"column":4},"end":{"line":29,"column":7}},"5":{"start":{"line":23,"column":6},"end":{"line":26,"column":7}},"6":{"start":{"line":24,"column":8},"end":{"line":24,"column":25}},"7":{"start":{"line":25,"column":8},"end":{"line":25,"column":41}},"8":{"start":{"line":27,"column":6},"end":{"line":27,"column":35}},"9":{"start":{"line":28,"column":6},"end":{"line":28,"column":40}},"10":{"start":{"line":33,"column":0},"end":{"line":33,"column":40}}},"fnMap":{"0":{"name":"(anonymous_0)","decl":{"start":{"line":4,"column":2},"end":{"line":4,"column":3}},"loc":{"start":{"line":4,"column":16},"end":{"line":6,"column":3}},"line":4},"1":{"name":"(anonymous_1)","decl":{"start":{"line":7,"column":2},"end":{"line":7,"column":3}},"loc":{"start":{"line":7,"column":24},"end":{"line":30,"column":3}},"line":7},"2":{"name":"(anonymous_2)","decl":{"start":{"line":22,"column":34},"end":{"line":22,"column":35}},"loc":{"start":{"line":22,"column":55},"end":{"line":29,"column":5}},"line":22}},"branchMap":{"0":{"loc":{"start":{"line":23,"column":6},"end":{"line":26,"column":7}},"type":"if","locations":[{"start":{"line":23,"column":6},"end":{"line":26,"column":7}},{"start":{"line":23,"column":6},"end":{"line":26,"column":7}}],"line":23}},"s":{"0":5,"1":5,"2":2,"3":2,"4":2,"5":2,"6":1,"7":1,"8":1,"9":1,"10":5},"f":{"0":5,"1":2,"2":2},"b":{"0":[1,1]},"_coverageSchema":"1a1c01bbd47fc00a2c39e90264f33305004495a9","hash":"0f6c945ea225e9a8199f20410b8f26715d8a866a"}
,"C:\\Users\\С\\Desktop\\clockwise-project\\clockwise-co-project-server\\controllers\\mastersController.js": {"path":"C:\\Users\\С\\Desktop\\clockwise-project\\clockwise-co-project-server\\controllers\\mastersController.js","statementMap":{"0":{"start":{"line":1,"column":18},"end":{"line":1,"column":38}},"1":{"start":{"line":2,"column":11},"end":{"line":2,"column":23}},"2":{"start":{"line":4,"column":15},"end":{"line":4,"column":48}},"3":{"start":{"line":5,"column":13},"end":{"line":5,"column":44}},"4":{"start":{"line":6,"column":14},"end":{"line":6,"column":49}},"5":{"start":{"line":7,"column":21},"end":{"line":7,"column":55}},"6":{"start":{"line":9,"column":19},"end":{"line":9,"column":51}},"7":{"start":{"line":13,"column":4},"end":{"line":13,"column":35}},"8":{"start":{"line":14,"column":4},"end":{"line":14,"column":31}},"9":{"start":{"line":15,"column":4},"end":{"line":15,"column":33}},"10":{"start":{"line":16,"column":4},"end":{"line":16,"column":37}},"11":{"start":{"line":18,"column":4},"end":{"line":18,"column":39}},"12":{"start":{"line":19,"column":4},"end":{"line":19,"column":35}},"13":{"start":{"line":20,"column":4},"end":{"line":20,"column":37}},"14":{"start":{"line":21,"column":4},"end":{"line":21,"column":41}},"15":{"start":{"line":22,"column":4},"end":{"line":22,"column":55}},"16":{"start":{"line":23,"column":4},"end":{"line":23,"column":57}},"17":{"start":{"line":25,"column":4},"end":{"line":25,"column":78}},"18":{"start":{"line":26,"column":4},"end":{"line":26,"column":78}},"19":{"start":{"line":28,"column":4},"end":{"line":28,"column":44}},"20":{"start":{"line":31,"column":4},"end":{"line":53,"column":37}},"21":{"start":{"line":40,"column":8},"end":{"line":48,"column":11}},"22":{"start":{"line":41,"column":10},"end":{"line":42,"column":77}},"23":{"start":{"line":42,"column":42},"end":{"line":42,"column":51}},"24":{"start":{"line":43,"column":30},"end":{"line":45,"column":22}},"25":{"start":{"line":44,"column":27},"end":{"line":44,"column":36}},"26":{"start":{"line":46,"column":10},"end":{"line":46,"column":44}},"27":{"start":{"line":47,"column":10},"end":{"line":47,"column":60}},"28":{"start":{"line":51,"column":8},"end":{"line":51,"column":23}},"29":{"start":{"line":53,"column":22},"end":{"line":53,"column":35}},"30":{"start":{"line":56,"column":29},"end":{"line":56,"column":73}},"31":{"start":{"line":57,"column":4},"end":{"line":60,"column":5}},"32":{"start":{"line":58,"column":6},"end":{"line":58,"column":65}},"33":{"start":{"line":59,"column":6},"end":{"line":59,"column":19}},"34":{"start":{"line":62,"column":4},"end":{"line":122,"column":63}},"35":{"start":{"line":69,"column":8},"end":{"line":76,"column":11}},"36":{"start":{"line":79,"column":8},"end":{"line":96,"column":9}},"37":{"start":{"line":80,"column":10},"end":{"line":83,"column":13}},"38":{"start":{"line":85,"column":26},"end":{"line":85,"column":34}},"39":{"start":{"line":86,"column":10},"end":{"line":86,"column":44}},"40":{"start":{"line":87,"column":10},"end":{"line":95,"column":13}},"41":{"start":{"line":99,"column":31},"end":{"line":99,"column":66}},"42":{"start":{"line":99,"column":52},"end":{"line":99,"column":65}},"43":{"start":{"line":100,"column":26},"end":{"line":102,"column":9}},"44":{"start":{"line":101,"column":20},"end":{"line":101,"column":55}},"45":{"start":{"line":103,"column":8},"end":{"line":106,"column":10}},"46":{"start":{"line":104,"column":10},"end":{"line":104,"column":45}},"47":{"start":{"line":105,"column":10},"end":{"line":105,"column":33}},"48":{"start":{"line":107,"column":8},"end":{"line":119,"column":9}},"49":{"start":{"line":108,"column":10},"end":{"line":111,"column":13}},"50":{"start":{"line":113,"column":10},"end":{"line":118,"column":12}},"51":{"start":{"line":121,"column":22},"end":{"line":121,"column":56}},"52":{"start":{"line":122,"column":22},"end":{"line":122,"column":61}},"53":{"start":{"line":125,"column":4},"end":{"line":137,"column":5}},"54":{"start":{"line":127,"column":8},"end":{"line":127,"column":32}},"55":{"start":{"line":128,"column":8},"end":{"line":128,"column":14}},"56":{"start":{"line":130,"column":8},"end":{"line":130,"column":38}},"57":{"start":{"line":131,"column":8},"end":{"line":131,"column":14}},"58":{"start":{"line":133,"column":8},"end":{"line":136,"column":11}},"59":{"start":{"line":140,"column":29},"end":{"line":140,"column":66}},"60":{"start":{"line":141,"column":4},"end":{"line":143,"column":5}},"61":{"start":{"line":142,"column":6},"end":{"line":142,"column":72}},"62":{"start":{"line":144,"column":21},"end":{"line":144,"column":46}},"63":{"start":{"line":145,"column":22},"end":{"line":145,"column":39}},"64":{"start":{"line":146,"column":21},"end":{"line":146,"column":23}},"65":{"start":{"line":148,"column":4},"end":{"line":154,"column":7}},"66":{"start":{"line":149,"column":6},"end":{"line":153,"column":9}},"67":{"start":{"line":150,"column":8},"end":{"line":152,"column":49}},"68":{"start":{"line":152,"column":26},"end":{"line":152,"column":47}},"69":{"start":{"line":155,"column":4},"end":{"line":174,"column":63}},"70":{"start":{"line":156,"column":18},"end":{"line":156,"column":28}},"71":{"start":{"line":158,"column":8},"end":{"line":161,"column":11}},"72":{"start":{"line":159,"column":10},"end":{"line":159,"column":44}},"73":{"start":{"line":160,"column":10},"end":{"line":160,"column":24}},"74":{"start":{"line":164,"column":8},"end":{"line":169,"column":10}},"75":{"start":{"line":172,"column":8},"end":{"line":172,"column":43}},"76":{"start":{"line":174,"column":22},"end":{"line":174,"column":61}},"77":{"start":{"line":177,"column":29},"end":{"line":177,"column":66}},"78":{"start":{"line":178,"column":4},"end":{"line":181,"column":5}},"79":{"start":{"line":179,"column":6},"end":{"line":179,"column":65}},"80":{"start":{"line":180,"column":6},"end":{"line":180,"column":19}},"81":{"start":{"line":182,"column":21},"end":{"line":182,"column":46}},"82":{"start":{"line":183,"column":22},"end":{"line":183,"column":39}},"83":{"start":{"line":184,"column":21},"end":{"line":184,"column":23}},"84":{"start":{"line":186,"column":4},"end":{"line":192,"column":7}},"85":{"start":{"line":187,"column":6},"end":{"line":191,"column":9}},"86":{"start":{"line":188,"column":8},"end":{"line":190,"column":49}},"87":{"start":{"line":190,"column":26},"end":{"line":190,"column":47}},"88":{"start":{"line":193,"column":4},"end":{"line":235,"column":74}},"89":{"start":{"line":194,"column":18},"end":{"line":194,"column":28}},"90":{"start":{"line":196,"column":8},"end":{"line":228,"column":13}},"91":{"start":{"line":204,"column":12},"end":{"line":227,"column":13}},"92":{"start":{"line":205,"column":14},"end":{"line":211,"column":15}},"93":{"start":{"line":206,"column":16},"end":{"line":210,"column":19}},"94":{"start":{"line":207,"column":18},"end":{"line":209,"column":19}},"95":{"start":{"line":207,"column":51},"end":{"line":207,"column":75}},"96":{"start":{"line":208,"column":20},"end":{"line":208,"column":49}},"97":{"start":{"line":213,"column":14},"end":{"line":221,"column":15}},"98":{"start":{"line":214,"column":16},"end":{"line":220,"column":19}},"99":{"start":{"line":215,"column":18},"end":{"line":219,"column":19}},"100":{"start":{"line":216,"column":55},"end":{"line":216,"column":79}},"101":{"start":{"line":218,"column":20},"end":{"line":218,"column":46}},"102":{"start":{"line":222,"column":14},"end":{"line":226,"column":17}},"103":{"start":{"line":231,"column":8},"end":{"line":233,"column":80}},"104":{"start":{"line":235,"column":22},"end":{"line":235,"column":72}},"105":{"start":{"line":238,"column":4},"end":{"line":256,"column":9}},"106":{"start":{"line":241,"column":8},"end":{"line":245,"column":9}},"107":{"start":{"line":242,"column":10},"end":{"line":242,"column":76}},"108":{"start":{"line":244,"column":10},"end":{"line":244,"column":113}},"109":{"start":{"line":248,"column":8},"end":{"line":252,"column":10}},"110":{"start":{"line":255,"column":8},"end":{"line":255,"column":47}},"111":{"start":{"line":260,"column":0},"end":{"line":260,"column":74}}},"fnMap":{"0":{"name":"(anonymous_0)","decl":{"start":{"line":12,"column":2},"end":{"line":12,"column":3}},"loc":{"start":{"line":12,"column":64},"end":{"line":29,"column":3}},"line":12},"1":{"name":"(anonymous_1)","decl":{"start":{"line":30,"column":2},"end":{"line":30,"column":3}},"loc":{"start":{"line":30,"column":21},"end":{"line":54,"column":3}},"line":30},"2":{"name":"(anonymous_2)","decl":{"start":{"line":39,"column":12},"end":{"line":39,"column":13}},"loc":{"start":{"line":39,"column":28},"end":{"line":49,"column":7}},"line":39},"3":{"name":"(anonymous_3)","decl":{"start":{"line":40,"column":30},"end":{"line":40,"column":31}},"loc":{"start":{"line":40,"column":40},"end":{"line":48,"column":9}},"line":40},"4":{"name":"(anonymous_4)","decl":{"start":{"line":42,"column":32},"end":{"line":42,"column":33}},"loc":{"start":{"line":42,"column":42},"end":{"line":42,"column":51}},"line":42},"5":{"name":"(anonymous_5)","decl":{"start":{"line":44,"column":17},"end":{"line":44,"column":18}},"loc":{"start":{"line":44,"column":27},"end":{"line":44,"column":36}},"line":44},"6":{"name":"(anonymous_6)","decl":{"start":{"line":50,"column":12},"end":{"line":50,"column":13}},"loc":{"start":{"line":50,"column":22},"end":{"line":52,"column":7}},"line":50},"7":{"name":"(anonymous_7)","decl":{"start":{"line":53,"column":13},"end":{"line":53,"column":14}},"loc":{"start":{"line":53,"column":22},"end":{"line":53,"column":35}},"line":53},"8":{"name":"(anonymous_8)","decl":{"start":{"line":55,"column":2},"end":{"line":55,"column":3}},"loc":{"start":{"line":55,"column":27},"end":{"line":123,"column":3}},"line":55},"9":{"name":"(anonymous_9)","decl":{"start":{"line":68,"column":12},"end":{"line":68,"column":13}},"loc":{"start":{"line":68,"column":22},"end":{"line":77,"column":7}},"line":68},"10":{"name":"(anonymous_10)","decl":{"start":{"line":78,"column":12},"end":{"line":78,"column":13}},"loc":{"start":{"line":78,"column":24},"end":{"line":97,"column":7}},"line":78},"11":{"name":"(anonymous_11)","decl":{"start":{"line":98,"column":12},"end":{"line":98,"column":13}},"loc":{"start":{"line":98,"column":24},"end":{"line":120,"column":7}},"line":98},"12":{"name":"(anonymous_12)","decl":{"start":{"line":99,"column":42},"end":{"line":99,"column":43}},"loc":{"start":{"line":99,"column":52},"end":{"line":99,"column":65}},"line":99},"13":{"name":"(anonymous_13)","decl":{"start":{"line":101,"column":10},"end":{"line":101,"column":11}},"loc":{"start":{"line":101,"column":20},"end":{"line":101,"column":55}},"line":101},"14":{"name":"(anonymous_14)","decl":{"start":{"line":103,"column":38},"end":{"line":103,"column":39}},"loc":{"start":{"line":103,"column":44},"end":{"line":106,"column":9}},"line":103},"15":{"name":"(anonymous_15)","decl":{"start":{"line":121,"column":12},"end":{"line":121,"column":13}},"loc":{"start":{"line":121,"column":22},"end":{"line":121,"column":56}},"line":121},"16":{"name":"(anonymous_16)","decl":{"start":{"line":122,"column":13},"end":{"line":122,"column":14}},"loc":{"start":{"line":122,"column":22},"end":{"line":122,"column":61}},"line":122},"17":{"name":"(anonymous_17)","decl":{"start":{"line":124,"column":2},"end":{"line":124,"column":3}},"loc":{"start":{"line":124,"column":18},"end":{"line":138,"column":3}},"line":124},"18":{"name":"(anonymous_18)","decl":{"start":{"line":139,"column":2},"end":{"line":139,"column":3}},"loc":{"start":{"line":139,"column":16},"end":{"line":175,"column":3}},"line":139},"19":{"name":"(anonymous_19)","decl":{"start":{"line":148,"column":21},"end":{"line":148,"column":22}},"loc":{"start":{"line":148,"column":31},"end":{"line":154,"column":5}},"line":148},"20":{"name":"(anonymous_20)","decl":{"start":{"line":149,"column":37},"end":{"line":149,"column":38}},"loc":{"start":{"line":149,"column":43},"end":{"line":153,"column":7}},"line":149},"21":{"name":"(anonymous_21)","decl":{"start":{"line":152,"column":16},"end":{"line":152,"column":17}},"loc":{"start":{"line":152,"column":26},"end":{"line":152,"column":47}},"line":152},"22":{"name":"(anonymous_22)","decl":{"start":{"line":156,"column":12},"end":{"line":156,"column":13}},"loc":{"start":{"line":156,"column":18},"end":{"line":156,"column":28}},"line":156},"23":{"name":"(anonymous_23)","decl":{"start":{"line":157,"column":12},"end":{"line":157,"column":13}},"loc":{"start":{"line":157,"column":29},"end":{"line":162,"column":7}},"line":157},"24":{"name":"(anonymous_24)","decl":{"start":{"line":158,"column":61},"end":{"line":158,"column":62}},"loc":{"start":{"line":158,"column":73},"end":{"line":161,"column":9}},"line":158},"25":{"name":"(anonymous_25)","decl":{"start":{"line":163,"column":12},"end":{"line":163,"column":13}},"loc":{"start":{"line":163,"column":28},"end":{"line":170,"column":7}},"line":163},"26":{"name":"(anonymous_26)","decl":{"start":{"line":171,"column":12},"end":{"line":171,"column":13}},"loc":{"start":{"line":171,"column":22},"end":{"line":173,"column":7}},"line":171},"27":{"name":"(anonymous_27)","decl":{"start":{"line":174,"column":13},"end":{"line":174,"column":14}},"loc":{"start":{"line":174,"column":22},"end":{"line":174,"column":61}},"line":174},"28":{"name":"(anonymous_28)","decl":{"start":{"line":176,"column":2},"end":{"line":176,"column":3}},"loc":{"start":{"line":176,"column":17},"end":{"line":236,"column":3}},"line":176},"29":{"name":"(anonymous_29)","decl":{"start":{"line":186,"column":21},"end":{"line":186,"column":22}},"loc":{"start":{"line":186,"column":31},"end":{"line":192,"column":5}},"line":186},"30":{"name":"(anonymous_30)","decl":{"start":{"line":187,"column":37},"end":{"line":187,"column":38}},"loc":{"start":{"line":187,"column":43},"end":{"line":191,"column":7}},"line":187},"31":{"name":"(anonymous_31)","decl":{"start":{"line":190,"column":16},"end":{"line":190,"column":17}},"loc":{"start":{"line":190,"column":26},"end":{"line":190,"column":47}},"line":190},"32":{"name":"(anonymous_32)","decl":{"start":{"line":194,"column":12},"end":{"line":194,"column":13}},"loc":{"start":{"line":194,"column":18},"end":{"line":194,"column":28}},"line":194},"33":{"name":"(anonymous_33)","decl":{"start":{"line":195,"column":12},"end":{"line":195,"column":13}},"loc":{"start":{"line":195,"column":29},"end":{"line":229,"column":7}},"line":195},"34":{"name":"(anonymous_34)","decl":{"start":{"line":203,"column":16},"end":{"line":203,"column":17}},"loc":{"start":{"line":203,"column":28},"end":{"line":228,"column":11}},"line":203},"35":{"name":"(anonymous_35)","decl":{"start":{"line":206,"column":42},"end":{"line":206,"column":43}},"loc":{"start":{"line":206,"column":52},"end":{"line":210,"column":17}},"line":206},"36":{"name":"(anonymous_36)","decl":{"start":{"line":207,"column":40},"end":{"line":207,"column":41}},"loc":{"start":{"line":207,"column":51},"end":{"line":207,"column":75}},"line":207},"37":{"name":"(anonymous_37)","decl":{"start":{"line":214,"column":36},"end":{"line":214,"column":37}},"loc":{"start":{"line":214,"column":46},"end":{"line":220,"column":17}},"line":214},"38":{"name":"(anonymous_38)","decl":{"start":{"line":216,"column":44},"end":{"line":216,"column":45}},"loc":{"start":{"line":216,"column":55},"end":{"line":216,"column":79}},"line":216},"39":{"name":"(anonymous_39)","decl":{"start":{"line":230,"column":12},"end":{"line":230,"column":13}},"loc":{"start":{"line":231,"column":8},"end":{"line":233,"column":80}},"line":231},"40":{"name":"(anonymous_40)","decl":{"start":{"line":235,"column":13},"end":{"line":235,"column":14}},"loc":{"start":{"line":235,"column":22},"end":{"line":235,"column":72}},"line":235},"41":{"name":"(anonymous_41)","decl":{"start":{"line":237,"column":2},"end":{"line":237,"column":3}},"loc":{"start":{"line":237,"column":19},"end":{"line":257,"column":3}},"line":237},"42":{"name":"(anonymous_42)","decl":{"start":{"line":240,"column":12},"end":{"line":240,"column":13}},"loc":{"start":{"line":240,"column":24},"end":{"line":246,"column":7}},"line":240},"43":{"name":"(anonymous_43)","decl":{"start":{"line":247,"column":12},"end":{"line":247,"column":13}},"loc":{"start":{"line":247,"column":17},"end":{"line":253,"column":7}},"line":247},"44":{"name":"(anonymous_44)","decl":{"start":{"line":254,"column":13},"end":{"line":254,"column":14}},"loc":{"start":{"line":254,"column":22},"end":{"line":256,"column":7}},"line":254}},"branchMap":{"0":{"loc":{"start":{"line":42,"column":12},"end":{"line":42,"column":76}},"type":"binary-expr","locations":[{"start":{"line":42,"column":12},"end":{"line":42,"column":62}},{"start":{"line":42,"column":66},"end":{"line":42,"column":76}}],"line":42},"1":{"loc":{"start":{"line":57,"column":4},"end":{"line":60,"column":5}},"type":"if","locations":[{"start":{"line":57,"column":4},"end":{"line":60,"column":5}},{"start":{"line":57,"column":4},"end":{"line":60,"column":5}}],"line":57},"2":{"loc":{"start":{"line":79,"column":8},"end":{"line":96,"column":9}},"type":"if","locations":[{"start":{"line":79,"column":8},"end":{"line":96,"column":9}},{"start":{"line":79,"column":8},"end":{"line":96,"column":9}}],"line":79},"3":{"loc":{"start":{"line":107,"column":8},"end":{"line":119,"column":9}},"type":"if","locations":[{"start":{"line":107,"column":8},"end":{"line":119,"column":9}},{"start":{"line":107,"column":8},"end":{"line":119,"column":9}}],"line":107},"4":{"loc":{"start":{"line":122,"column":33},"end":{"line":122,"column":50}},"type":"binary-expr","locations":[{"start":{"line":122,"column":33},"end":{"line":122,"column":43}},{"start":{"line":122,"column":47},"end":{"line":122,"column":50}}],"line":122},"5":{"loc":{"start":{"line":125,"column":4},"end":{"line":137,"column":5}},"type":"switch","locations":[{"start":{"line":126,"column":6},"end":{"line":128,"column":14}},{"start":{"line":129,"column":6},"end":{"line":131,"column":14}},{"start":{"line":132,"column":6},"end":{"line":136,"column":11}}],"line":125},"6":{"loc":{"start":{"line":141,"column":4},"end":{"line":143,"column":5}},"type":"if","locations":[{"start":{"line":141,"column":4},"end":{"line":143,"column":5}},{"start":{"line":141,"column":4},"end":{"line":143,"column":5}}],"line":141},"7":{"loc":{"start":{"line":174,"column":33},"end":{"line":174,"column":50}},"type":"binary-expr","locations":[{"start":{"line":174,"column":33},"end":{"line":174,"column":43}},{"start":{"line":174,"column":47},"end":{"line":174,"column":50}}],"line":174},"8":{"loc":{"start":{"line":178,"column":4},"end":{"line":181,"column":5}},"type":"if","locations":[{"start":{"line":178,"column":4},"end":{"line":181,"column":5}},{"start":{"line":178,"column":4},"end":{"line":181,"column":5}}],"line":178},"9":{"loc":{"start":{"line":204,"column":12},"end":{"line":227,"column":13}},"type":"if","locations":[{"start":{"line":204,"column":12},"end":{"line":227,"column":13}},{"start":{"line":204,"column":12},"end":{"line":227,"column":13}}],"line":204},"10":{"loc":{"start":{"line":205,"column":14},"end":{"line":211,"column":15}},"type":"if","locations":[{"start":{"line":205,"column":14},"end":{"line":211,"column":15}},{"start":{"line":205,"column":14},"end":{"line":211,"column":15}}],"line":205},"11":{"loc":{"start":{"line":207,"column":18},"end":{"line":209,"column":19}},"type":"if","locations":[{"start":{"line":207,"column":18},"end":{"line":209,"column":19}},{"start":{"line":207,"column":18},"end":{"line":209,"column":19}}],"line":207},"12":{"loc":{"start":{"line":213,"column":14},"end":{"line":221,"column":15}},"type":"if","locations":[{"start":{"line":213,"column":14},"end":{"line":221,"column":15}},{"start":{"line":213,"column":14},"end":{"line":221,"column":15}}],"line":213},"13":{"loc":{"start":{"line":215,"column":18},"end":{"line":219,"column":19}},"type":"if","locations":[{"start":{"line":215,"column":18},"end":{"line":219,"column":19}},{"start":{"line":215,"column":18},"end":{"line":219,"column":19}}],"line":215},"14":{"loc":{"start":{"line":241,"column":8},"end":{"line":245,"column":9}},"type":"if","locations":[{"start":{"line":241,"column":8},"end":{"line":245,"column":9}},{"start":{"line":241,"column":8},"end":{"line":245,"column":9}}],"line":241},"15":{"loc":{"start":{"line":255,"column":19},"end":{"line":255,"column":36}},"type":"binary-expr","locations":[{"start":{"line":255,"column":19},"end":{"line":255,"column":29}},{"start":{"line":255,"column":33},"end":{"line":255,"column":36}}],"line":255}},"s":{"0":5,"1":5,"2":5,"3":5,"4":5,"5":5,"6":5,"7":5,"8":5,"9":5,"10":5,"11":5,"12":5,"13":5,"14":5,"15":5,"16":5,"17":5,"18":5,"19":5,"20":2,"21":2,"22":1,"23":0,"24":1,"25":0,"26":1,"27":1,"28":2,"29":0,"30":6,"31":6,"32":3,"33":3,"34":3,"35":3,"36":3,"37":1,"38":2,"39":2,"40":2,"41":2,"42":1,"43":2,"44":2,"45":2,"46":1,"47":1,"48":2,"49":1,"50":1,"51":1,"52":2,"53":9,"54":2,"55":2,"56":6,"57":6,"58":1,"59":3,"60":3,"61":2,"62":1,"63":1,"64":1,"65":1,"66":1,"67":1,"68":1,"69":1,"70":1,"71":1,"72":1,"73":1,"74":1,"75":1,"76":0,"77":3,"78":3,"79":2,"80":2,"81":1,"82":1,"83":1,"84":1,"85":1,"86":1,"87":1,"88":1,"89":1,"90":1,"91":1,"92":1,"93":0,"94":0,"95":0,"96":0,"97":1,"98":1,"99":1,"100":0,"101":1,"102":1,"103":1,"104":0,"105":2,"106":2,"107":1,"108":1,"109":1,"110":1,"111":5},"f":{"0":5,"1":2,"2":2,"3":1,"4":0,"5":0,"6":2,"7":0,"8":6,"9":3,"10":3,"11":2,"12":1,"13":2,"14":1,"15":1,"16":2,"17":9,"18":3,"19":1,"20":1,"21":1,"22":1,"23":1,"24":1,"25":1,"26":1,"27":0,"28":3,"29":1,"30":1,"31":1,"32":1,"33":1,"34":1,"35":0,"36":0,"37":1,"38":0,"39":1,"40":0,"41":2,"42":2,"43":1,"44":1},"b":{"0":[1,1],"1":[3,3],"2":[1,2],"3":[1,1],"4":[2,0],"5":[2,6,1],"6":[2,1],"7":[0,0],"8":[2,1],"9":[1,0],"10":[0,1],"11":[0,0],"12":[1,0],"13":[1,0],"14":[1,1],"15":[1,0]},"_coverageSchema":"1a1c01bbd47fc00a2c39e90264f33305004495a9","hash":"a2e3bee907a2a970a46cb660a2e709b08938ee96"}
,"C:\\Users\\С\\Desktop\\clockwise-project\\clockwise-co-project-server\\controllers\\ordersController.js": {"path":"C:\\Users\\С\\Desktop\\clockwise-project\\clockwise-co-project-server\\controllers\\ordersController.js","statementMap":{"0":{"start":{"line":1,"column":14},"end":{"line":1,"column":46}},"1":{"start":{"line":2,"column":13},"end":{"line":2,"column":44}},"2":{"start":{"line":3,"column":15},"end":{"line":3,"column":48}},"3":{"start":{"line":4,"column":19},"end":{"line":4,"column":51}},"4":{"start":{"line":8,"column":4},"end":{"line":8,"column":23}},"5":{"start":{"line":9,"column":4},"end":{"line":9,"column":31}},"6":{"start":{"line":10,"column":4},"end":{"line":10,"column":35}},"7":{"start":{"line":11,"column":4},"end":{"line":11,"column":39}},"8":{"start":{"line":12,"column":4},"end":{"line":12,"column":35}},"9":{"start":{"line":13,"column":4},"end":{"line":13,"column":37}},"10":{"start":{"line":14,"column":4},"end":{"line":14,"column":41}},"11":{"start":{"line":15,"column":4},"end":{"line":15,"column":55}},"12":{"start":{"line":18,"column":4},"end":{"line":21,"column":37}},"13":{"start":{"line":20,"column":22},"end":{"line":20,"column":36}},"14":{"start":{"line":21,"column":22},"end":{"line":21,"column":35}},"15":{"start":{"line":24,"column":20},"end":{"line":24,"column":28}},"16":{"start":{"line":25,"column":29},"end":{"line":25,"column":71}},"17":{"start":{"line":26,"column":4},"end":{"line":29,"column":5}},"18":{"start":{"line":27,"column":6},"end":{"line":27,"column":65}},"19":{"start":{"line":28,"column":6},"end":{"line":28,"column":19}},"20":{"start":{"line":30,"column":4},"end":{"line":45,"column":37}},"21":{"start":{"line":36,"column":8},"end":{"line":41,"column":9}},"22":{"start":{"line":37,"column":10},"end":{"line":40,"column":12}},"23":{"start":{"line":42,"column":8},"end":{"line":42,"column":46}},"24":{"start":{"line":44,"column":22},"end":{"line":44,"column":71}},"25":{"start":{"line":45,"column":22},"end":{"line":45,"column":35}},"26":{"start":{"line":48,"column":20},"end":{"line":48,"column":28}},"27":{"start":{"line":49,"column":29},"end":{"line":49,"column":64}},"28":{"start":{"line":50,"column":4},"end":{"line":52,"column":5}},"29":{"start":{"line":51,"column":6},"end":{"line":51,"column":72}},"30":{"start":{"line":53,"column":4},"end":{"line":81,"column":8}},"31":{"start":{"line":56,"column":8},"end":{"line":63,"column":9}},"32":{"start":{"line":57,"column":10},"end":{"line":57,"column":75}},"33":{"start":{"line":59,"column":10},"end":{"line":62,"column":13}},"34":{"start":{"line":66,"column":8},"end":{"line":70,"column":9}},"35":{"start":{"line":67,"column":10},"end":{"line":67,"column":72}},"36":{"start":{"line":69,"column":10},"end":{"line":69,"column":44}},"37":{"start":{"line":73,"column":8},"end":{"line":75,"column":74}},"38":{"start":{"line":78,"column":8},"end":{"line":80,"column":56}},"39":{"start":{"line":84,"column":20},"end":{"line":84,"column":28}},"40":{"start":{"line":85,"column":29},"end":{"line":85,"column":64}},"41":{"start":{"line":86,"column":4},"end":{"line":89,"column":5}},"42":{"start":{"line":87,"column":6},"end":{"line":87,"column":65}},"43":{"start":{"line":88,"column":6},"end":{"line":88,"column":19}},"44":{"start":{"line":90,"column":4},"end":{"line":125,"column":8}},"45":{"start":{"line":93,"column":8},"end":{"line":100,"column":9}},"46":{"start":{"line":94,"column":10},"end":{"line":94,"column":75}},"47":{"start":{"line":96,"column":10},"end":{"line":99,"column":13}},"48":{"start":{"line":103,"column":8},"end":{"line":114,"column":9}},"49":{"start":{"line":104,"column":10},"end":{"line":108,"column":13}},"50":{"start":{"line":110,"column":10},"end":{"line":113,"column":13}},"51":{"start":{"line":117,"column":8},"end":{"line":119,"column":74}},"52":{"start":{"line":122,"column":8},"end":{"line":124,"column":64}},"53":{"start":{"line":128,"column":4},"end":{"line":152,"column":63}},"54":{"start":{"line":131,"column":8},"end":{"line":143,"column":9}},"55":{"start":{"line":132,"column":10},"end":{"line":136,"column":13}},"56":{"start":{"line":138,"column":10},"end":{"line":142,"column":13}},"57":{"start":{"line":146,"column":8},"end":{"line":150,"column":10}},"58":{"start":{"line":152,"column":22},"end":{"line":152,"column":61}},"59":{"start":{"line":156,"column":0},"end":{"line":156,"column":59}}},"fnMap":{"0":{"name":"(anonymous_0)","decl":{"start":{"line":7,"column":2},"end":{"line":7,"column":3}},"loc":{"start":{"line":7,"column":45},"end":{"line":16,"column":3}},"line":7},"1":{"name":"(anonymous_1)","decl":{"start":{"line":17,"column":2},"end":{"line":17,"column":3}},"loc":{"start":{"line":17,"column":18},"end":{"line":22,"column":3}},"line":17},"2":{"name":"(anonymous_2)","decl":{"start":{"line":20,"column":12},"end":{"line":20,"column":13}},"loc":{"start":{"line":20,"column":22},"end":{"line":20,"column":36}},"line":20},"3":{"name":"(anonymous_3)","decl":{"start":{"line":21,"column":13},"end":{"line":21,"column":14}},"loc":{"start":{"line":21,"column":22},"end":{"line":21,"column":35}},"line":21},"4":{"name":"(anonymous_4)","decl":{"start":{"line":23,"column":2},"end":{"line":23,"column":3}},"loc":{"start":{"line":23,"column":26},"end":{"line":46,"column":3}},"line":23},"5":{"name":"(anonymous_5)","decl":{"start":{"line":35,"column":12},"end":{"line":35,"column":13}},"loc":{"start":{"line":35,"column":22},"end":{"line":43,"column":7}},"line":35},"6":{"name":"(anonymous_6)","decl":{"start":{"line":44,"column":12},"end":{"line":44,"column":13}},"loc":{"start":{"line":44,"column":22},"end":{"line":44,"column":71}},"line":44},"7":{"name":"(anonymous_7)","decl":{"start":{"line":45,"column":13},"end":{"line":45,"column":14}},"loc":{"start":{"line":45,"column":22},"end":{"line":45,"column":35}},"line":45},"8":{"name":"(anonymous_8)","decl":{"start":{"line":47,"column":2},"end":{"line":47,"column":3}},"loc":{"start":{"line":47,"column":16},"end":{"line":82,"column":3}},"line":47},"9":{"name":"(anonymous_9)","decl":{"start":{"line":55,"column":12},"end":{"line":55,"column":13}},"loc":{"start":{"line":55,"column":22},"end":{"line":64,"column":7}},"line":55},"10":{"name":"(anonymous_10)","decl":{"start":{"line":65,"column":12},"end":{"line":65,"column":13}},"loc":{"start":{"line":65,"column":22},"end":{"line":71,"column":7}},"line":65},"11":{"name":"(anonymous_11)","decl":{"start":{"line":72,"column":12},"end":{"line":72,"column":13}},"loc":{"start":{"line":72,"column":22},"end":{"line":76,"column":7}},"line":72},"12":{"name":"(anonymous_12)","decl":{"start":{"line":77,"column":13},"end":{"line":77,"column":14}},"loc":{"start":{"line":78,"column":8},"end":{"line":80,"column":56}},"line":78},"13":{"name":"(anonymous_13)","decl":{"start":{"line":83,"column":2},"end":{"line":83,"column":3}},"loc":{"start":{"line":83,"column":17},"end":{"line":126,"column":3}},"line":83},"14":{"name":"(anonymous_14)","decl":{"start":{"line":92,"column":12},"end":{"line":92,"column":13}},"loc":{"start":{"line":92,"column":22},"end":{"line":101,"column":7}},"line":92},"15":{"name":"(anonymous_15)","decl":{"start":{"line":102,"column":12},"end":{"line":102,"column":13}},"loc":{"start":{"line":102,"column":22},"end":{"line":115,"column":7}},"line":102},"16":{"name":"(anonymous_16)","decl":{"start":{"line":116,"column":12},"end":{"line":116,"column":13}},"loc":{"start":{"line":117,"column":8},"end":{"line":119,"column":74}},"line":117},"17":{"name":"(anonymous_17)","decl":{"start":{"line":121,"column":13},"end":{"line":121,"column":14}},"loc":{"start":{"line":122,"column":8},"end":{"line":124,"column":64}},"line":122},"18":{"name":"(anonymous_18)","decl":{"start":{"line":127,"column":2},"end":{"line":127,"column":3}},"loc":{"start":{"line":127,"column":19},"end":{"line":153,"column":3}},"line":127},"19":{"name":"(anonymous_19)","decl":{"start":{"line":130,"column":12},"end":{"line":130,"column":13}},"loc":{"start":{"line":130,"column":24},"end":{"line":144,"column":7}},"line":130},"20":{"name":"(anonymous_20)","decl":{"start":{"line":145,"column":12},"end":{"line":145,"column":13}},"loc":{"start":{"line":146,"column":8},"end":{"line":150,"column":10}},"line":146},"21":{"name":"(anonymous_21)","decl":{"start":{"line":152,"column":13},"end":{"line":152,"column":14}},"loc":{"start":{"line":152,"column":22},"end":{"line":152,"column":61}},"line":152}},"branchMap":{"0":{"loc":{"start":{"line":26,"column":4},"end":{"line":29,"column":5}},"type":"if","locations":[{"start":{"line":26,"column":4},"end":{"line":29,"column":5}},{"start":{"line":26,"column":4},"end":{"line":29,"column":5}}],"line":26},"1":{"loc":{"start":{"line":36,"column":8},"end":{"line":41,"column":9}},"type":"if","locations":[{"start":{"line":36,"column":8},"end":{"line":41,"column":9}},{"start":{"line":36,"column":8},"end":{"line":41,"column":9}}],"line":36},"2":{"loc":{"start":{"line":44,"column":33},"end":{"line":44,"column":51}},"type":"binary-expr","locations":[{"start":{"line":44,"column":33},"end":{"line":44,"column":44}},{"start":{"line":44,"column":48},"end":{"line":44,"column":51}}],"line":44},"3":{"loc":{"start":{"line":50,"column":4},"end":{"line":52,"column":5}},"type":"if","locations":[{"start":{"line":50,"column":4},"end":{"line":52,"column":5}},{"start":{"line":50,"column":4},"end":{"line":52,"column":5}}],"line":50},"4":{"loc":{"start":{"line":56,"column":8},"end":{"line":63,"column":9}},"type":"if","locations":[{"start":{"line":56,"column":8},"end":{"line":63,"column":9}},{"start":{"line":56,"column":8},"end":{"line":63,"column":9}}],"line":56},"5":{"loc":{"start":{"line":66,"column":8},"end":{"line":70,"column":9}},"type":"if","locations":[{"start":{"line":66,"column":8},"end":{"line":70,"column":9}},{"start":{"line":66,"column":8},"end":{"line":70,"column":9}}],"line":66},"6":{"loc":{"start":{"line":79,"column":18},"end":{"line":79,"column":35}},"type":"binary-expr","locations":[{"start":{"line":79,"column":18},"end":{"line":79,"column":28}},{"start":{"line":79,"column":32},"end":{"line":79,"column":35}}],"line":79},"7":{"loc":{"start":{"line":80,"column":39},"end":{"line":80,"column":53}},"type":"binary-expr","locations":[{"start":{"line":80,"column":39},"end":{"line":80,"column":46}},{"start":{"line":80,"column":50},"end":{"line":80,"column":53}}],"line":80},"8":{"loc":{"start":{"line":86,"column":4},"end":{"line":89,"column":5}},"type":"if","locations":[{"start":{"line":86,"column":4},"end":{"line":89,"column":5}},{"start":{"line":86,"column":4},"end":{"line":89,"column":5}}],"line":86},"9":{"loc":{"start":{"line":93,"column":8},"end":{"line":100,"column":9}},"type":"if","locations":[{"start":{"line":93,"column":8},"end":{"line":100,"column":9}},{"start":{"line":93,"column":8},"end":{"line":100,"column":9}}],"line":93},"10":{"loc":{"start":{"line":103,"column":8},"end":{"line":114,"column":9}},"type":"if","locations":[{"start":{"line":103,"column":8},"end":{"line":114,"column":9}},{"start":{"line":103,"column":8},"end":{"line":114,"column":9}}],"line":103},"11":{"loc":{"start":{"line":123,"column":18},"end":{"line":123,"column":39}},"type":"binary-expr","locations":[{"start":{"line":123,"column":18},"end":{"line":123,"column":32}},{"start":{"line":123,"column":36},"end":{"line":123,"column":39}}],"line":123},"12":{"loc":{"start":{"line":124,"column":39},"end":{"line":124,"column":61}},"type":"binary-expr","locations":[{"start":{"line":124,"column":39},"end":{"line":124,"column":50}},{"start":{"line":124,"column":54},"end":{"line":124,"column":61}}],"line":124},"13":{"loc":{"start":{"line":131,"column":8},"end":{"line":143,"column":9}},"type":"if","locations":[{"start":{"line":131,"column":8},"end":{"line":143,"column":9}},{"start":{"line":131,"column":8},"end":{"line":143,"column":9}}],"line":131},"14":{"loc":{"start":{"line":152,"column":33},"end":{"line":152,"column":50}},"type":"binary-expr","locations":[{"start":{"line":152,"column":33},"end":{"line":152,"column":43}},{"start":{"line":152,"column":47},"end":{"line":152,"column":50}}],"line":152}},"s":{"0":5,"1":5,"2":5,"3":5,"4":5,"5":5,"6":5,"7":5,"8":5,"9":5,"10":5,"11":5,"12":1,"13":1,"14":0,"15":4,"16":4,"17":4,"18":2,"19":2,"20":2,"21":2,"22":1,"23":1,"24":2,"25":0,"26":10,"27":10,"28":10,"29":7,"30":3,"31":3,"32":2,"33":1,"34":2,"35":1,"36":1,"37":1,"38":2,"39":10,"40":10,"41":10,"42":7,"43":7,"44":3,"45":3,"46":2,"47":1,"48":2,"49":1,"50":1,"51":1,"52":2,"53":2,"54":2,"55":1,"56":1,"57":1,"58":1,"59":5},"f":{"0":5,"1":1,"2":1,"3":0,"4":4,"5":2,"6":2,"7":0,"8":10,"9":3,"10":2,"11":1,"12":2,"13":10,"14":3,"15":2,"16":1,"17":2,"18":2,"19":2,"20":1,"21":1},"b":{"0":[2,2],"1":[1,1],"2":[2,0],"3":[7,3],"4":[2,1],"5":[1,1],"6":[2,0],"7":[2,0],"8":[7,3],"9":[2,1],"10":[1,1],"11":[2,0],"12":[2,0],"13":[1,1],"14":[1,0]},"_coverageSchema":"1a1c01bbd47fc00a2c39e90264f33305004495a9","hash":"2dd61cb1bff3a874d4451712c0889d9144fcd88f"}
,"C:\\Users\\С\\Desktop\\clockwise-project\\clockwise-co-project-server\\controllers\\townsController.js": {"path":"C:\\Users\\С\\Desktop\\clockwise-project\\clockwise-co-project-server\\controllers\\townsController.js","statementMap":{"0":{"start":{"line":1,"column":13},"end":{"line":1,"column":44}},"1":{"start":{"line":2,"column":19},"end":{"line":2,"column":51}},"2":{"start":{"line":6,"column":4},"end":{"line":6,"column":23}},"3":{"start":{"line":7,"column":4},"end":{"line":7,"column":39}},"4":{"start":{"line":8,"column":4},"end":{"line":8,"column":35}},"5":{"start":{"line":9,"column":4},"end":{"line":9,"column":37}},"6":{"start":{"line":10,"column":4},"end":{"line":10,"column":41}},"7":{"start":{"line":13,"column":4},"end":{"line":16,"column":37}},"8":{"start":{"line":15,"column":22},"end":{"line":15,"column":36}},"9":{"start":{"line":16,"column":22},"end":{"line":16,"column":35}},"10":{"start":{"line":19,"column":29},"end":{"line":19,"column":64}},"11":{"start":{"line":20,"column":4},"end":{"line":22,"column":5}},"12":{"start":{"line":21,"column":6},"end":{"line":21,"column":72}},"13":{"start":{"line":23,"column":4},"end":{"line":41,"column":59}},"14":{"start":{"line":26,"column":8},"end":{"line":34,"column":9}},"15":{"start":{"line":27,"column":10},"end":{"line":31,"column":13}},"16":{"start":{"line":33,"column":10},"end":{"line":33,"column":45}},"17":{"start":{"line":37,"column":8},"end":{"line":39,"column":72}},"18":{"start":{"line":41,"column":23},"end":{"line":41,"column":57}},"19":{"start":{"line":44,"column":29},"end":{"line":44,"column":64}},"20":{"start":{"line":45,"column":4},"end":{"line":48,"column":5}},"21":{"start":{"line":46,"column":6},"end":{"line":46,"column":65}},"22":{"start":{"line":47,"column":6},"end":{"line":47,"column":19}},"23":{"start":{"line":49,"column":4},"end":{"line":71,"column":59}},"24":{"start":{"line":52,"column":8},"end":{"line":64,"column":9}},"25":{"start":{"line":53,"column":10},"end":{"line":57,"column":13}},"26":{"start":{"line":59,"column":10},"end":{"line":63,"column":13}},"27":{"start":{"line":67,"column":8},"end":{"line":69,"column":74}},"28":{"start":{"line":71,"column":23},"end":{"line":71,"column":57}},"29":{"start":{"line":74,"column":4},"end":{"line":90,"column":61}},"30":{"start":{"line":77,"column":8},"end":{"line":81,"column":9}},"31":{"start":{"line":78,"column":10},"end":{"line":78,"column":70}},"32":{"start":{"line":80,"column":10},"end":{"line":80,"column":112}},"33":{"start":{"line":84,"column":8},"end":{"line":88,"column":10}},"34":{"start":{"line":90,"column":22},"end":{"line":90,"column":59}},"35":{"start":{"line":94,"column":0},"end":{"line":94,"column":43}}},"fnMap":{"0":{"name":"(anonymous_0)","decl":{"start":{"line":5,"column":2},"end":{"line":5,"column":3}},"loc":{"start":{"line":5,"column":21},"end":{"line":11,"column":3}},"line":5},"1":{"name":"(anonymous_1)","decl":{"start":{"line":12,"column":2},"end":{"line":12,"column":3}},"loc":{"start":{"line":12,"column":18},"end":{"line":17,"column":3}},"line":12},"2":{"name":"(anonymous_2)","decl":{"start":{"line":15,"column":12},"end":{"line":15,"column":13}},"loc":{"start":{"line":15,"column":22},"end":{"line":15,"column":36}},"line":15},"3":{"name":"(anonymous_3)","decl":{"start":{"line":16,"column":13},"end":{"line":16,"column":14}},"loc":{"start":{"line":16,"column":22},"end":{"line":16,"column":35}},"line":16},"4":{"name":"(anonymous_4)","decl":{"start":{"line":18,"column":2},"end":{"line":18,"column":3}},"loc":{"start":{"line":18,"column":16},"end":{"line":42,"column":3}},"line":18},"5":{"name":"(anonymous_5)","decl":{"start":{"line":25,"column":12},"end":{"line":25,"column":13}},"loc":{"start":{"line":25,"column":24},"end":{"line":35,"column":7}},"line":25},"6":{"name":"(anonymous_6)","decl":{"start":{"line":36,"column":12},"end":{"line":36,"column":13}},"loc":{"start":{"line":37,"column":8},"end":{"line":39,"column":72}},"line":37},"7":{"name":"(anonymous_7)","decl":{"start":{"line":41,"column":13},"end":{"line":41,"column":14}},"loc":{"start":{"line":41,"column":23},"end":{"line":41,"column":57}},"line":41},"8":{"name":"(anonymous_8)","decl":{"start":{"line":43,"column":2},"end":{"line":43,"column":3}},"loc":{"start":{"line":43,"column":17},"end":{"line":72,"column":3}},"line":43},"9":{"name":"(anonymous_9)","decl":{"start":{"line":51,"column":12},"end":{"line":51,"column":13}},"loc":{"start":{"line":51,"column":24},"end":{"line":65,"column":7}},"line":51},"10":{"name":"(anonymous_10)","decl":{"start":{"line":66,"column":12},"end":{"line":66,"column":13}},"loc":{"start":{"line":67,"column":8},"end":{"line":69,"column":74}},"line":67},"11":{"name":"(anonymous_11)","decl":{"start":{"line":71,"column":13},"end":{"line":71,"column":14}},"loc":{"start":{"line":71,"column":23},"end":{"line":71,"column":57}},"line":71},"12":{"name":"(anonymous_12)","decl":{"start":{"line":73,"column":2},"end":{"line":73,"column":3}},"loc":{"start":{"line":73,"column":19},"end":{"line":91,"column":3}},"line":73},"13":{"name":"(anonymous_13)","decl":{"start":{"line":76,"column":12},"end":{"line":76,"column":13}},"loc":{"start":{"line":76,"column":24},"end":{"line":82,"column":7}},"line":76},"14":{"name":"(anonymous_14)","decl":{"start":{"line":83,"column":12},"end":{"line":83,"column":13}},"loc":{"start":{"line":84,"column":8},"end":{"line":88,"column":10}},"line":84},"15":{"name":"(anonymous_15)","decl":{"start":{"line":90,"column":13},"end":{"line":90,"column":14}},"loc":{"start":{"line":90,"column":22},"end":{"line":90,"column":59}},"line":90}},"branchMap":{"0":{"loc":{"start":{"line":20,"column":4},"end":{"line":22,"column":5}},"type":"if","locations":[{"start":{"line":20,"column":4},"end":{"line":22,"column":5}},{"start":{"line":20,"column":4},"end":{"line":22,"column":5}}],"line":20},"1":{"loc":{"start":{"line":26,"column":8},"end":{"line":34,"column":9}},"type":"if","locations":[{"start":{"line":26,"column":8},"end":{"line":34,"column":9}},{"start":{"line":26,"column":8},"end":{"line":34,"column":9}}],"line":26},"2":{"loc":{"start":{"line":45,"column":4},"end":{"line":48,"column":5}},"type":"if","locations":[{"start":{"line":45,"column":4},"end":{"line":48,"column":5}},{"start":{"line":45,"column":4},"end":{"line":48,"column":5}}],"line":45},"3":{"loc":{"start":{"line":52,"column":8},"end":{"line":64,"column":9}},"type":"if","locations":[{"start":{"line":52,"column":8},"end":{"line":64,"column":9}},{"start":{"line":52,"column":8},"end":{"line":64,"column":9}}],"line":52},"4":{"loc":{"start":{"line":77,"column":8},"end":{"line":81,"column":9}},"type":"if","locations":[{"start":{"line":77,"column":8},"end":{"line":81,"column":9}},{"start":{"line":77,"column":8},"end":{"line":81,"column":9}}],"line":77},"5":{"loc":{"start":{"line":90,"column":33},"end":{"line":90,"column":48}},"type":"binary-expr","locations":[{"start":{"line":90,"column":33},"end":{"line":90,"column":43}},{"start":{"line":90,"column":45},"end":{"line":90,"column":48}}],"line":90}},"s":{"0":5,"1":5,"2":5,"3":5,"4":5,"5":5,"6":5,"7":1,"8":1,"9":0,"10":5,"11":5,"12":3,"13":2,"14":2,"15":1,"16":1,"17":1,"18":1,"19":5,"20":5,"21":3,"22":3,"23":2,"24":2,"25":1,"26":1,"27":1,"28":1,"29":2,"30":2,"31":1,"32":1,"33":1,"34":1,"35":5},"f":{"0":5,"1":1,"2":1,"3":0,"4":5,"5":2,"6":1,"7":1,"8":5,"9":2,"10":1,"11":1,"12":2,"13":2,"14":1,"15":1},"b":{"0":[3,2],"1":[1,1],"2":[3,2],"3":[1,1],"4":[1,1],"5":[1,0]},"_coverageSchema":"1a1c01bbd47fc00a2c39e90264f33305004495a9","hash":"cb29102d2fc1aae3cfa0c78028c232bbd5e0d812"}
,"C:\\Users\\С\\Desktop\\clockwise-project\\clockwise-co-project-server\\db\\init.js": {"path":"C:\\Users\\С\\Desktop\\clockwise-project\\clockwise-co-project-server\\db\\init.js","statementMap":{"0":{"start":{"line":1,"column":18},"end":{"line":1,"column":38}},"1":{"start":{"line":2,"column":11},"end":{"line":2,"column":23}},"2":{"start":{"line":4,"column":25},"end":{"line":9,"column":1}},"3":{"start":{"line":12,"column":18},"end":{"line":12,"column":52}},"4":{"start":{"line":13,"column":0},"end":{"line":22,"column":3}},"5":{"start":{"line":25,"column":0},"end":{"line":28,"column":2}}},"fnMap":{},"branchMap":{},"s":{"0":6,"1":6,"2":6,"3":6,"4":6,"5":6},"f":{},"b":{},"_coverageSchema":"1a1c01bbd47fc00a2c39e90264f33305004495a9","hash":"28d304a8e766529043614bde75b8d0d161e35a64"}
,"C:\\Users\\С\\Desktop\\clockwise-project\\clockwise-co-project-server\\helpers\\dateHelper.js": {"path":"C:\\Users\\С\\Desktop\\clockwise-project\\clockwise-co-project-server\\helpers\\dateHelper.js","statementMap":{"0":{"start":{"line":1,"column":0},"end":{"line":10,"column":2}},"1":{"start":{"line":2,"column":19},"end":{"line":2,"column":39}},"2":{"start":{"line":3,"column":19},"end":{"line":3,"column":29}},"3":{"start":{"line":5,"column":2},"end":{"line":9,"column":3}},"4":{"start":{"line":6,"column":4},"end":{"line":6,"column":17}},"5":{"start":{"line":8,"column":4},"end":{"line":8,"column":16}}},"fnMap":{"0":{"name":"(anonymous_0)","decl":{"start":{"line":1,"column":40},"end":{"line":1,"column":41}},"loc":{"start":{"line":1,"column":62},"end":{"line":10,"column":1}},"line":1}},"branchMap":{"0":{"loc":{"start":{"line":5,"column":2},"end":{"line":9,"column":3}},"type":"if","locations":[{"start":{"line":5,"column":2},"end":{"line":9,"column":3}},{"start":{"line":5,"column":2},"end":{"line":9,"column":3}}],"line":5}},"s":{"0":6,"1":21,"2":21,"3":21,"4":4,"5":17},"f":{"0":21},"b":{"0":[4,17]},"_coverageSchema":"1a1c01bbd47fc00a2c39e90264f33305004495a9","hash":"ebe1c851ad49950a2b2ccdfea4518dea4fd02156"}
,"C:\\Users\\С\\Desktop\\clockwise-project\\clockwise-co-project-server\\helpers\\resetDB.js": {"path":"C:\\Users\\С\\Desktop\\clockwise-project\\clockwise-co-project-server\\helpers\\resetDB.js","statementMap":{"0":{"start":{"line":1,"column":20},"end":{"line":1,"column":53}},"1":{"start":{"line":2,"column":19},"end":{"line":2,"column":50}},"2":{"start":{"line":3,"column":25},"end":{"line":3,"column":59}},"3":{"start":{"line":4,"column":20},"end":{"line":4,"column":52}},"4":{"start":{"line":5,"column":19},"end":{"line":5,"column":50}},"5":{"start":{"line":7,"column":0},"end":{"line":21,"column":4}},"6":{"start":{"line":7,"column":23},"end":{"line":21,"column":3}},"7":{"start":{"line":14,"column":11},"end":{"line":21,"column":2}}},"fnMap":{"0":{"name":"(anonymous_0)","decl":{"start":{"line":7,"column":17},"end":{"line":7,"column":18}},"loc":{"start":{"line":7,"column":23},"end":{"line":21,"column":3}},"line":7},"1":{"name":"(anonymous_1)","decl":{"start":{"line":14,"column":6},"end":{"line":14,"column":7}},"loc":{"start":{"line":14,"column":11},"end":{"line":21,"column":2}},"line":14}},"branchMap":{},"s":{"0":4,"1":4,"2":4,"3":4,"4":4,"5":4,"6":63,"7":63},"f":{"0":63,"1":63},"b":{},"_coverageSchema":"1a1c01bbd47fc00a2c39e90264f33305004495a9","hash":"36d429ced4b1407f079552de049ebba361e459d9"}
,"C:\\Users\\С\\Desktop\\clockwise-project\\clockwise-co-project-server\\helpers\\validators.js": {"path":"C:\\Users\\С\\Desktop\\clockwise-project\\clockwise-co-project-server\\helpers\\validators.js","statementMap":{"0":{"start":{"line":1,"column":19},"end":{"line":1,"column":42}},"1":{"start":{"line":4,"column":4},"end":{"line":4,"column":33}},"2":{"start":{"line":7,"column":24},"end":{"line":7,"column":27}},"3":{"start":{"line":8,"column":4},"end":{"line":37,"column":5}},"4":{"start":{"line":9,"column":6},"end":{"line":15,"column":7}},"5":{"start":{"line":10,"column":8},"end":{"line":14,"column":10}},"6":{"start":{"line":16,"column":6},"end":{"line":36,"column":7}},"7":{"start":{"line":18,"column":10},"end":{"line":25,"column":11}},"8":{"start":{"line":19,"column":12},"end":{"line":24,"column":14}},"9":{"start":{"line":26,"column":10},"end":{"line":26,"column":16}},"10":{"start":{"line":28,"column":10},"end":{"line":34,"column":11}},"11":{"start":{"line":29,"column":12},"end":{"line":33,"column":14}},"12":{"start":{"line":35,"column":10},"end":{"line":35,"column":16}},"13":{"start":{"line":38,"column":4},"end":{"line":38,"column":29}},"14":{"start":{"line":41,"column":4},"end":{"line":67,"column":5}},"15":{"start":{"line":42,"column":6},"end":{"line":44,"column":7}},"16":{"start":{"line":43,"column":8},"end":{"line":43,"column":80}},"17":{"start":{"line":45,"column":6},"end":{"line":66,"column":7}},"18":{"start":{"line":47,"column":10},"end":{"line":57,"column":11}},"19":{"start":{"line":52,"column":12},"end":{"line":56,"column":14}},"20":{"start":{"line":58,"column":10},"end":{"line":64,"column":11}},"21":{"start":{"line":59,"column":12},"end":{"line":63,"column":14}},"22":{"start":{"line":65,"column":10},"end":{"line":65,"column":16}},"23":{"start":{"line":68,"column":4},"end":{"line":68,"column":29}},"24":{"start":{"line":71,"column":4},"end":{"line":77,"column":5}},"25":{"start":{"line":72,"column":6},"end":{"line":76,"column":8}},"26":{"start":{"line":78,"column":4},"end":{"line":84,"column":5}},"27":{"start":{"line":79,"column":6},"end":{"line":83,"column":8}},"28":{"start":{"line":85,"column":4},"end":{"line":85,"column":29}},"29":{"start":{"line":88,"column":4},"end":{"line":152,"column":5}},"30":{"start":{"line":89,"column":6},"end":{"line":91,"column":7}},"31":{"start":{"line":90,"column":8},"end":{"line":90,"column":80}},"32":{"start":{"line":92,"column":6},"end":{"line":151,"column":7}},"33":{"start":{"line":94,"column":10},"end":{"line":101,"column":11}},"34":{"start":{"line":95,"column":12},"end":{"line":100,"column":14}},"35":{"start":{"line":102,"column":10},"end":{"line":102,"column":16}},"36":{"start":{"line":104,"column":10},"end":{"line":110,"column":11}},"37":{"start":{"line":105,"column":12},"end":{"line":109,"column":14}},"38":{"start":{"line":111,"column":10},"end":{"line":111,"column":16}},"39":{"start":{"line":113,"column":10},"end":{"line":120,"column":11}},"40":{"start":{"line":114,"column":12},"end":{"line":119,"column":14}},"41":{"start":{"line":121,"column":10},"end":{"line":121,"column":16}},"42":{"start":{"line":123,"column":10},"end":{"line":133,"column":11}},"43":{"start":{"line":128,"column":12},"end":{"line":132,"column":14}},"44":{"start":{"line":134,"column":10},"end":{"line":140,"column":11}},"45":{"start":{"line":135,"column":12},"end":{"line":139,"column":14}},"46":{"start":{"line":141,"column":10},"end":{"line":141,"column":16}},"47":{"start":{"line":143,"column":10},"end":{"line":149,"column":11}},"48":{"start":{"line":144,"column":12},"end":{"line":148,"column":14}},"49":{"start":{"line":150,"column":10},"end":{"line":150,"column":16}},"50":{"start":{"line":153,"column":4},"end":{"line":153,"column":29}},"51":{"start":{"line":156,"column":4},"end":{"line":158,"column":5}},"52":{"start":{"line":157,"column":6},"end":{"line":157,"column":78}},"53":{"start":{"line":159,"column":4},"end":{"line":165,"column":5}},"54":{"start":{"line":160,"column":6},"end":{"line":164,"column":8}},"55":{"start":{"line":166,"column":4},"end":{"line":172,"column":5}},"56":{"start":{"line":167,"column":6},"end":{"line":171,"column":8}},"57":{"start":{"line":173,"column":4},"end":{"line":173,"column":29}},"58":{"start":{"line":176,"column":4},"end":{"line":182,"column":5}},"59":{"start":{"line":177,"column":6},"end":{"line":181,"column":8}},"60":{"start":{"line":183,"column":4},"end":{"line":190,"column":5}},"61":{"start":{"line":184,"column":6},"end":{"line":189,"column":8}},"62":{"start":{"line":191,"column":4},"end":{"line":191,"column":29}},"63":{"start":{"line":194,"column":32},"end":{"line":194,"column":39}},"64":{"start":{"line":195,"column":4},"end":{"line":201,"column":5}},"65":{"start":{"line":196,"column":6},"end":{"line":200,"column":8}},"66":{"start":{"line":202,"column":4},"end":{"line":209,"column":5}},"67":{"start":{"line":203,"column":6},"end":{"line":208,"column":8}},"68":{"start":{"line":210,"column":4},"end":{"line":210,"column":29}},"69":{"start":{"line":213,"column":4},"end":{"line":255,"column":5}},"70":{"start":{"line":214,"column":6},"end":{"line":216,"column":7}},"71":{"start":{"line":215,"column":8},"end":{"line":215,"column":80}},"72":{"start":{"line":217,"column":6},"end":{"line":254,"column":7}},"73":{"start":{"line":219,"column":10},"end":{"line":225,"column":11}},"74":{"start":{"line":220,"column":12},"end":{"line":224,"column":14}},"75":{"start":{"line":226,"column":10},"end":{"line":232,"column":11}},"76":{"start":{"line":227,"column":12},"end":{"line":231,"column":14}},"77":{"start":{"line":233,"column":10},"end":{"line":233,"column":16}},"78":{"start":{"line":235,"column":10},"end":{"line":242,"column":11}},"79":{"start":{"line":236,"column":12},"end":{"line":241,"column":14}},"80":{"start":{"line":243,"column":10},"end":{"line":243,"column":16}},"81":{"start":{"line":245,"column":10},"end":{"line":252,"column":11}},"82":{"start":{"line":246,"column":12},"end":{"line":251,"column":14}},"83":{"start":{"line":253,"column":10},"end":{"line":253,"column":16}},"84":{"start":{"line":256,"column":4},"end":{"line":256,"column":29}},"85":{"start":{"line":260,"column":0},"end":{"line":260,"column":44}}},"fnMap":{"0":{"name":"(anonymous_0)","decl":{"start":{"line":3,"column":2},"end":{"line":3,"column":3}},"loc":{"start":{"line":3,"column":26},"end":{"line":5,"column":3}},"line":3},"1":{"name":"(anonymous_1)","decl":{"start":{"line":6,"column":2},"end":{"line":6,"column":3}},"loc":{"start":{"line":6,"column":28},"end":{"line":39,"column":3}},"line":6},"2":{"name":"(anonymous_2)","decl":{"start":{"line":40,"column":2},"end":{"line":40,"column":3}},"loc":{"start":{"line":40,"column":35},"end":{"line":69,"column":3}},"line":40},"3":{"name":"(anonymous_3)","decl":{"start":{"line":70,"column":2},"end":{"line":70,"column":3}},"loc":{"start":{"line":70,"column":34},"end":{"line":86,"column":3}},"line":70},"4":{"name":"(anonymous_4)","decl":{"start":{"line":87,"column":2},"end":{"line":87,"column":3}},"loc":{"start":{"line":87,"column":27},"end":{"line":154,"column":3}},"line":87},"5":{"name":"(anonymous_5)","decl":{"start":{"line":155,"column":2},"end":{"line":155,"column":3}},"loc":{"start":{"line":155,"column":26},"end":{"line":174,"column":3}},"line":155},"6":{"name":"(anonymous_6)","decl":{"start":{"line":175,"column":2},"end":{"line":175,"column":3}},"loc":{"start":{"line":175,"column":35},"end":{"line":192,"column":3}},"line":175},"7":{"name":"(anonymous_7)","decl":{"start":{"line":193,"column":2},"end":{"line":193,"column":3}},"loc":{"start":{"line":193,"column":26},"end":{"line":211,"column":3}},"line":193},"8":{"name":"(anonymous_8)","decl":{"start":{"line":212,"column":2},"end":{"line":212,"column":3}},"loc":{"start":{"line":212,"column":27},"end":{"line":257,"column":3}},"line":212}},"branchMap":{"0":{"loc":{"start":{"line":9,"column":6},"end":{"line":15,"column":7}},"type":"if","locations":[{"start":{"line":9,"column":6},"end":{"line":15,"column":7}},{"start":{"line":9,"column":6},"end":{"line":15,"column":7}}],"line":9},"1":{"loc":{"start":{"line":16,"column":6},"end":{"line":36,"column":7}},"type":"switch","locations":[{"start":{"line":17,"column":8},"end":{"line":26,"column":16}},{"start":{"line":27,"column":8},"end":{"line":35,"column":16}}],"line":16},"2":{"loc":{"start":{"line":18,"column":10},"end":{"line":25,"column":11}},"type":"if","locations":[{"start":{"line":18,"column":10},"end":{"line":25,"column":11}},{"start":{"line":18,"column":10},"end":{"line":25,"column":11}}],"line":18},"3":{"loc":{"start":{"line":18,"column":14},"end":{"line":18,"column":77}},"type":"binary-expr","locations":[{"start":{"line":18,"column":14},"end":{"line":18,"column":38}},{"start":{"line":18,"column":42},"end":{"line":18,"column":77}}],"line":18},"4":{"loc":{"start":{"line":28,"column":10},"end":{"line":34,"column":11}},"type":"if","locations":[{"start":{"line":28,"column":10},"end":{"line":34,"column":11}},{"start":{"line":28,"column":10},"end":{"line":34,"column":11}}],"line":28},"5":{"loc":{"start":{"line":28,"column":14},"end":{"line":28,"column":53}},"type":"binary-expr","locations":[{"start":{"line":28,"column":14},"end":{"line":28,"column":32}},{"start":{"line":28,"column":36},"end":{"line":28,"column":53}}],"line":28},"6":{"loc":{"start":{"line":42,"column":6},"end":{"line":44,"column":7}},"type":"if","locations":[{"start":{"line":42,"column":6},"end":{"line":44,"column":7}},{"start":{"line":42,"column":6},"end":{"line":44,"column":7}}],"line":42},"7":{"loc":{"start":{"line":45,"column":6},"end":{"line":66,"column":7}},"type":"switch","locations":[{"start":{"line":46,"column":8},"end":{"line":65,"column":16}}],"line":45},"8":{"loc":{"start":{"line":47,"column":10},"end":{"line":57,"column":11}},"type":"if","locations":[{"start":{"line":47,"column":10},"end":{"line":57,"column":11}},{"start":{"line":47,"column":10},"end":{"line":57,"column":11}}],"line":47},"9":{"loc":{"start":{"line":58,"column":10},"end":{"line":64,"column":11}},"type":"if","locations":[{"start":{"line":58,"column":10},"end":{"line":64,"column":11}},{"start":{"line":58,"column":10},"end":{"line":64,"column":11}}],"line":58},"10":{"loc":{"start":{"line":71,"column":4},"end":{"line":77,"column":5}},"type":"if","locations":[{"start":{"line":71,"column":4},"end":{"line":77,"column":5}},{"start":{"line":71,"column":4},"end":{"line":77,"column":5}}],"line":71},"11":{"loc":{"start":{"line":78,"column":4},"end":{"line":84,"column":5}},"type":"if","locations":[{"start":{"line":78,"column":4},"end":{"line":84,"column":5}},{"start":{"line":78,"column":4},"end":{"line":84,"column":5}}],"line":78},"12":{"loc":{"start":{"line":89,"column":6},"end":{"line":91,"column":7}},"type":"if","locations":[{"start":{"line":89,"column":6},"end":{"line":91,"column":7}},{"start":{"line":89,"column":6},"end":{"line":91,"column":7}}],"line":89},"13":{"loc":{"start":{"line":92,"column":6},"end":{"line":151,"column":7}},"type":"switch","locations":[{"start":{"line":93,"column":8},"end":{"line":102,"column":16}},{"start":{"line":103,"column":8},"end":{"line":111,"column":16}},{"start":{"line":112,"column":8},"end":{"line":121,"column":16}},{"start":{"line":122,"column":8},"end":{"line":141,"column":16}},{"start":{"line":142,"column":8},"end":{"line":150,"column":16}}],"line":92},"14":{"loc":{"start":{"line":94,"column":10},"end":{"line":101,"column":11}},"type":"if","locations":[{"start":{"line":94,"column":10},"end":{"line":101,"column":11}},{"start":{"line":94,"column":10},"end":{"line":101,"column":11}}],"line":94},"15":{"loc":{"start":{"line":94,"column":14},"end":{"line":94,"column":77}},"type":"binary-expr","locations":[{"start":{"line":94,"column":14},"end":{"line":94,"column":38}},{"start":{"line":94,"column":42},"end":{"line":94,"column":77}}],"line":94},"16":{"loc":{"start":{"line":104,"column":10},"end":{"line":110,"column":11}},"type":"if","locations":[{"start":{"line":104,"column":10},"end":{"line":110,"column":11}},{"start":{"line":104,"column":10},"end":{"line":110,"column":11}}],"line":104},"17":{"loc":{"start":{"line":113,"column":10},"end":{"line":120,"column":11}},"type":"if","locations":[{"start":{"line":113,"column":10},"end":{"line":120,"column":11}},{"start":{"line":113,"column":10},"end":{"line":120,"column":11}}],"line":113},"18":{"loc":{"start":{"line":123,"column":10},"end":{"line":133,"column":11}},"type":"if","locations":[{"start":{"line":123,"column":10},"end":{"line":133,"column":11}},{"start":{"line":123,"column":10},"end":{"line":133,"column":11}}],"line":123},"19":{"loc":{"start":{"line":134,"column":10},"end":{"line":140,"column":11}},"type":"if","locations":[{"start":{"line":134,"column":10},"end":{"line":140,"column":11}},{"start":{"line":134,"column":10},"end":{"line":140,"column":11}}],"line":134},"20":{"loc":{"start":{"line":143,"column":10},"end":{"line":149,"column":11}},"type":"if","locations":[{"start":{"line":143,"column":10},"end":{"line":149,"column":11}},{"start":{"line":143,"column":10},"end":{"line":149,"column":11}}],"line":143},"21":{"loc":{"start":{"line":143,"column":14},"end":{"line":143,"column":63}},"type":"binary-expr","locations":[{"start":{"line":143,"column":14},"end":{"line":143,"column":37}},{"start":{"line":143,"column":41},"end":{"line":143,"column":63}}],"line":143},"22":{"loc":{"start":{"line":156,"column":4},"end":{"line":158,"column":5}},"type":"if","locations":[{"start":{"line":156,"column":4},"end":{"line":158,"column":5}},{"start":{"line":156,"column":4},"end":{"line":158,"column":5}}],"line":156},"23":{"loc":{"start":{"line":159,"column":4},"end":{"line":165,"column":5}},"type":"if","locations":[{"start":{"line":159,"column":4},"end":{"line":165,"column":5}},{"start":{"line":159,"column":4},"end":{"line":165,"column":5}}],"line":159},"24":{"loc":{"start":{"line":166,"column":4},"end":{"line":172,"column":5}},"type":"if","locations":[{"start":{"line":166,"column":4},"end":{"line":172,"column":5}},{"start":{"line":166,"column":4},"end":{"line":172,"column":5}}],"line":166},"25":{"loc":{"start":{"line":176,"column":4},"end":{"line":182,"column":5}},"type":"if","locations":[{"start":{"line":176,"column":4},"end":{"line":182,"column":5}},{"start":{"line":176,"column":4},"end":{"line":182,"column":5}}],"line":176},"26":{"loc":{"start":{"line":183,"column":4},"end":{"line":190,"column":5}},"type":"if","locations":[{"start":{"line":183,"column":4},"end":{"line":190,"column":5}},{"start":{"line":183,"column":4},"end":{"line":190,"column":5}}],"line":183},"27":{"loc":{"start":{"line":183,"column":8},"end":{"line":183,"column":71}},"type":"binary-expr","locations":[{"start":{"line":183,"column":8},"end":{"line":183,"column":32}},{"start":{"line":183,"column":36},"end":{"line":183,"column":71}}],"line":183},"28":{"loc":{"start":{"line":195,"column":4},"end":{"line":201,"column":5}},"type":"if","locations":[{"start":{"line":195,"column":4},"end":{"line":201,"column":5}},{"start":{"line":195,"column":4},"end":{"line":201,"column":5}}],"line":195},"29":{"loc":{"start":{"line":202,"column":4},"end":{"line":209,"column":5}},"type":"if","locations":[{"start":{"line":202,"column":4},"end":{"line":209,"column":5}},{"start":{"line":202,"column":4},"end":{"line":209,"column":5}}],"line":202},"30":{"loc":{"start":{"line":202,"column":8},"end":{"line":202,"column":51}},"type":"binary-expr","locations":[{"start":{"line":202,"column":8},"end":{"line":202,"column":27}},{"start":{"line":202,"column":31},"end":{"line":202,"column":51}}],"line":202},"31":{"loc":{"start":{"line":214,"column":6},"end":{"line":216,"column":7}},"type":"if","locations":[{"start":{"line":214,"column":6},"end":{"line":216,"column":7}},{"start":{"line":214,"column":6},"end":{"line":216,"column":7}}],"line":214},"32":{"loc":{"start":{"line":217,"column":6},"end":{"line":254,"column":7}},"type":"switch","locations":[{"start":{"line":218,"column":8},"end":{"line":233,"column":16}},{"start":{"line":234,"column":8},"end":{"line":243,"column":16}},{"start":{"line":244,"column":8},"end":{"line":253,"column":16}}],"line":217},"33":{"loc":{"start":{"line":219,"column":10},"end":{"line":225,"column":11}},"type":"if","locations":[{"start":{"line":219,"column":10},"end":{"line":225,"column":11}},{"start":{"line":219,"column":10},"end":{"line":225,"column":11}}],"line":219},"34":{"loc":{"start":{"line":226,"column":10},"end":{"line":232,"column":11}},"type":"if","locations":[{"start":{"line":226,"column":10},"end":{"line":232,"column":11}},{"start":{"line":226,"column":10},"end":{"line":232,"column":11}}],"line":226},"35":{"loc":{"start":{"line":235,"column":10},"end":{"line":242,"column":11}},"type":"if","locations":[{"start":{"line":235,"column":10},"end":{"line":242,"column":11}},{"start":{"line":235,"column":10},"end":{"line":242,"column":11}}],"line":235},"36":{"loc":{"start":{"line":235,"column":14},"end":{"line":235,"column":65}},"type":"binary-expr","locations":[{"start":{"line":235,"column":14},"end":{"line":235,"column":37}},{"start":{"line":235,"column":41},"end":{"line":235,"column":65}}],"line":235},"37":{"loc":{"start":{"line":245,"column":10},"end":{"line":252,"column":11}},"type":"if","locations":[{"start":{"line":245,"column":10},"end":{"line":252,"column":11}},{"start":{"line":245,"column":10},"end":{"line":252,"column":11}}],"line":245},"38":{"loc":{"start":{"line":245,"column":14},"end":{"line":245,"column":77}},"type":"binary-expr","locations":[{"start":{"line":245,"column":14},"end":{"line":245,"column":38}},{"start":{"line":245,"column":42},"end":{"line":245,"column":77}}],"line":245}},"s":{"0":6,"1":6,"2":17,"3":17,"4":39,"5":3,"6":36,"7":15,"8":6,"9":9,"10":8,"11":5,"12":3,"13":3,"14":6,"15":15,"16":1,"17":14,"18":5,"19":1,"20":4,"21":1,"22":3,"23":3,"24":4,"25":1,"26":3,"27":1,"28":2,"29":40,"30":190,"31":11,"32":179,"33":36,"34":6,"35":30,"36":29,"37":3,"38":26,"39":25,"40":3,"41":22,"42":20,"43":3,"44":17,"45":3,"46":14,"47":13,"48":4,"49":9,"50":7,"51":14,"52":3,"53":11,"54":3,"55":8,"56":3,"57":5,"58":6,"59":1,"60":5,"61":4,"62":1,"63":8,"64":8,"65":2,"66":6,"67":3,"68":3,"69":15,"70":33,"71":4,"72":29,"73":8,"74":1,"75":7,"76":1,"77":6,"78":4,"79":2,"80":2,"81":13,"82":4,"83":9,"84":3,"85":6},"f":{"0":6,"1":17,"2":6,"3":4,"4":40,"5":14,"6":6,"7":8,"8":15},"b":{"0":[3,36],"1":[15,8],"2":[6,9],"3":[15,12],"4":[5,3],"5":[8,6],"6":[1,14],"7":[5],"8":[1,4],"9":[1,3],"10":[1,3],"11":[1,2],"12":[11,179],"13":[36,29,25,20,13],"14":[6,30],"15":[36,33],"16":[3,26],"17":[3,22],"18":[3,17],"19":[3,14],"20":[4,9],"21":[13,10],"22":[3,11],"23":[3,8],"24":[3,5],"25":[1,5],"26":[4,1],"27":[5,4],"28":[2,6],"29":[3,3],"30":[6,4],"31":[4,29],"32":[8,4,13],"33":[1,7],"34":[1,6],"35":[2,2],"36":[4,3],"37":[4,9],"38":[13,12]},"_coverageSchema":"1a1c01bbd47fc00a2c39e90264f33305004495a9","hash":"2e313ab964eaf1fe94a192ab210a7ecc78dc1f88"}
,"C:\\Users\\С\\Desktop\\clockwise-project\\clockwise-co-project-server\\models\\mastersModel.js": {"path":"C:\\Users\\С\\Desktop\\clockwise-project\\clockwise-co-project-server\\models\\mastersModel.js","statementMap":{"0":{"start":{"line":1,"column":17},"end":{"line":1,"column":38}},"1":{"start":{"line":3,"column":21},"end":{"line":20,"column":1}},"2":{"start":{"line":4,"column":2},"end":{"line":19,"column":5}},"3":{"start":{"line":22,"column":0},"end":{"line":22,"column":73}}},"fnMap":{"0":{"name":"(anonymous_0)","decl":{"start":{"line":3,"column":21},"end":{"line":3,"column":22}},"loc":{"start":{"line":3,"column":52},"end":{"line":20,"column":1}},"line":3}},"branchMap":{},"s":{"0":5,"1":5,"2":5,"3":5},"f":{"0":5},"b":{},"_coverageSchema":"1a1c01bbd47fc00a2c39e90264f33305004495a9","hash":"2fc154f4f255fa3c636198e3a0a6516def001a9a"}
,"C:\\Users\\С\\Desktop\\clockwise-project\\clockwise-co-project-server\\models\\masters_towns.js": {"path":"C:\\Users\\С\\Desktop\\clockwise-project\\clockwise-co-project-server\\models\\masters_towns.js","statementMap":{"0":{"start":{"line":1,"column":17},"end":{"line":1,"column":38}},"1":{"start":{"line":3,"column":21},"end":{"line":5,"column":1}},"2":{"start":{"line":4,"column":2},"end":{"line":4,"column":46}},"3":{"start":{"line":7,"column":0},"end":{"line":7,"column":73}}},"fnMap":{"0":{"name":"(anonymous_0)","decl":{"start":{"line":3,"column":21},"end":{"line":3,"column":22}},"loc":{"start":{"line":3,"column":52},"end":{"line":5,"column":1}},"line":3}},"branchMap":{},"s":{"0":5,"1":5,"2":5,"3":5},"f":{"0":5},"b":{},"_coverageSchema":"1a1c01bbd47fc00a2c39e90264f33305004495a9","hash":"b2aeb0e8e279a28167c3baec1a810f6485824b2a"}
,"C:\\Users\\С\\Desktop\\clockwise-project\\clockwise-co-project-server\\models\\ordersModel.js": {"path":"C:\\Users\\С\\Desktop\\clockwise-project\\clockwise-co-project-server\\models\\ordersModel.js","statementMap":{"0":{"start":{"line":1,"column":17},"end":{"line":1,"column":38}},"1":{"start":{"line":3,"column":20},"end":{"line":45,"column":1}},"2":{"start":{"line":4,"column":2},"end":{"line":44,"column":5}},"3":{"start":{"line":47,"column":0},"end":{"line":47,"column":72}}},"fnMap":{"0":{"name":"(anonymous_0)","decl":{"start":{"line":3,"column":20},"end":{"line":3,"column":21}},"loc":{"start":{"line":3,"column":51},"end":{"line":45,"column":1}},"line":3}},"branchMap":{},"s":{"0":5,"1":5,"2":5,"3":5},"f":{"0":5},"b":{},"_coverageSchema":"1a1c01bbd47fc00a2c39e90264f33305004495a9","hash":"e7e2495b1392a908b5fe4027f1f81b101f5f1f46"}
,"C:\\Users\\С\\Desktop\\clockwise-project\\clockwise-co-project-server\\models\\townsModel.js": {"path":"C:\\Users\\С\\Desktop\\clockwise-project\\clockwise-co-project-server\\models\\townsModel.js","statementMap":{"0":{"start":{"line":1,"column":17},"end":{"line":1,"column":38}},"1":{"start":{"line":3,"column":19},"end":{"line":16,"column":1}},"2":{"start":{"line":4,"column":2},"end":{"line":15,"column":5}},"3":{"start":{"line":18,"column":0},"end":{"line":18,"column":71}}},"fnMap":{"0":{"name":"(anonymous_0)","decl":{"start":{"line":3,"column":19},"end":{"line":3,"column":20}},"loc":{"start":{"line":3,"column":50},"end":{"line":16,"column":1}},"line":3}},"branchMap":{},"s":{"0":5,"1":5,"2":5,"3":5},"f":{"0":5},"b":{},"_coverageSchema":"1a1c01bbd47fc00a2c39e90264f33305004495a9","hash":"3960aa197c65e49e1ffc9364929e1856aebeaf03"}
,"C:\\Users\\С\\Desktop\\clockwise-project\\clockwise-co-project-server\\models\\usersModel.js": {"path":"C:\\Users\\С\\Desktop\\clockwise-project\\clockwise-co-project-server\\models\\usersModel.js","statementMap":{"0":{"start":{"line":1,"column":17},"end":{"line":1,"column":38}},"1":{"start":{"line":3,"column":19},"end":{"line":28,"column":1}},"2":{"start":{"line":4,"column":2},"end":{"line":27,"column":5}},"3":{"start":{"line":30,"column":0},"end":{"line":30,"column":71}}},"fnMap":{"0":{"name":"(anonymous_0)","decl":{"start":{"line":3,"column":19},"end":{"line":3,"column":20}},"loc":{"start":{"line":3,"column":50},"end":{"line":28,"column":1}},"line":3}},"branchMap":{},"s":{"0":5,"1":5,"2":5,"3":5},"f":{"0":5},"b":{},"_coverageSchema":"1a1c01bbd47fc00a2c39e90264f33305004495a9","hash":"2bb3c8e6ad97f1bdc6e00c8ef3d799ac1a803de9"}
,"C:\\Users\\С\\Desktop\\clockwise-project\\clockwise-co-project-server\\routes\\accountRouter.js": {"path":"C:\\Users\\С\\Desktop\\clockwise-project\\clockwise-co-project-server\\routes\\accountRouter.js","statementMap":{"0":{"start":{"line":1,"column":16},"end":{"line":1,"column":34}},"1":{"start":{"line":2,"column":18},"end":{"line":2,"column":34}},"2":{"start":{"line":4,"column":26},"end":{"line":4,"column":69}},"3":{"start":{"line":6,"column":0},"end":{"line":6,"column":50}},"4":{"start":{"line":7,"column":0},"end":{"line":7,"column":52}},"5":{"start":{"line":8,"column":0},"end":{"line":8,"column":60}},"6":{"start":{"line":9,"column":0},"end":{"line":9,"column":68}},"7":{"start":{"line":10,"column":0},"end":{"line":10,"column":27}}},"fnMap":{},"branchMap":{},"s":{"0":5,"1":5,"2":5,"3":5,"4":5,"5":5,"6":5,"7":5},"f":{},"b":{},"_coverageSchema":"1a1c01bbd47fc00a2c39e90264f33305004495a9","hash":"fb3b9ca112a307153cad5131a6b72a1532124f1a"}
,"C:\\Users\\С\\Desktop\\clockwise-project\\clockwise-co-project-server\\routes\\mailerRouter.js": {"path":"C:\\Users\\С\\Desktop\\clockwise-project\\clockwise-co-project-server\\routes\\mailerRouter.js","statementMap":{"0":{"start":{"line":1,"column":16},"end":{"line":1,"column":34}},"1":{"start":{"line":2,"column":21},"end":{"line":2,"column":37}},"2":{"start":{"line":3,"column":25},"end":{"line":3,"column":67}},"3":{"start":{"line":5,"column":0},"end":{"line":5,"column":65}},"4":{"start":{"line":7,"column":0},"end":{"line":7,"column":30}}},"fnMap":{},"branchMap":{},"s":{"0":5,"1":5,"2":5,"3":5,"4":5},"f":{},"b":{},"_coverageSchema":"1a1c01bbd47fc00a2c39e90264f33305004495a9","hash":"01d49dcedc5006067b6a5d8650aabcae948fa670"}
,"C:\\Users\\С\\Desktop\\clockwise-project\\clockwise-co-project-server\\routes\\mastersRouter.js": {"path":"C:\\Users\\С\\Desktop\\clockwise-project\\clockwise-co-project-server\\routes\\mastersRouter.js","statementMap":{"0":{"start":{"line":1,"column":16},"end":{"line":1,"column":34}},"1":{"start":{"line":2,"column":22},"end":{"line":2,"column":38}},"2":{"start":{"line":3,"column":26},"end":{"line":3,"column":69}},"3":{"start":{"line":5,"column":0},"end":{"line":5,"column":49}},"4":{"start":{"line":6,"column":0},"end":{"line":6,"column":51}},"5":{"start":{"line":7,"column":0},"end":{"line":7,"column":54}},"6":{"start":{"line":8,"column":0},"end":{"line":8,"column":62}},"7":{"start":{"line":10,"column":0},"end":{"line":10,"column":31}}},"fnMap":{},"branchMap":{},"s":{"0":5,"1":5,"2":5,"3":5,"4":5,"5":5,"6":5,"7":5},"f":{},"b":{},"_coverageSchema":"1a1c01bbd47fc00a2c39e90264f33305004495a9","hash":"945a91378e23800bb0761249b7d1f9108d901a98"}
,"C:\\Users\\С\\Desktop\\clockwise-project\\clockwise-co-project-server\\routes\\ordersRouter.js": {"path":"C:\\Users\\С\\Desktop\\clockwise-project\\clockwise-co-project-server\\routes\\ordersRouter.js","statementMap":{"0":{"start":{"line":1,"column":16},"end":{"line":1,"column":34}},"1":{"start":{"line":2,"column":21},"end":{"line":2,"column":37}},"2":{"start":{"line":3,"column":25},"end":{"line":3,"column":67}},"3":{"start":{"line":5,"column":0},"end":{"line":5,"column":46}},"4":{"start":{"line":6,"column":0},"end":{"line":6,"column":68}},"5":{"start":{"line":7,"column":0},"end":{"line":7,"column":49}},"6":{"start":{"line":8,"column":0},"end":{"line":8,"column":52}},"7":{"start":{"line":9,"column":0},"end":{"line":9,"column":60}},"8":{"start":{"line":11,"column":0},"end":{"line":11,"column":30}}},"fnMap":{},"branchMap":{},"s":{"0":5,"1":5,"2":5,"3":5,"4":5,"5":5,"6":5,"7":5,"8":5},"f":{},"b":{},"_coverageSchema":"1a1c01bbd47fc00a2c39e90264f33305004495a9","hash":"3308360ecbb2e6056099f310e8e64f6c26ef9ce3"}
,"C:\\Users\\С\\Desktop\\clockwise-project\\clockwise-co-project-server\\routes\\townsRouter.js": {"path":"C:\\Users\\С\\Desktop\\clockwise-project\\clockwise-co-project-server\\routes\\townsRouter.js","statementMap":{"0":{"start":{"line":1,"column":16},"end":{"line":1,"column":34}},"1":{"start":{"line":2,"column":20},"end":{"line":2,"column":36}},"2":{"start":{"line":3,"column":24},"end":{"line":3,"column":65}},"3":{"start":{"line":5,"column":0},"end":{"line":5,"column":44}},"4":{"start":{"line":6,"column":0},"end":{"line":6,"column":47}},"5":{"start":{"line":7,"column":0},"end":{"line":7,"column":50}},"6":{"start":{"line":8,"column":0},"end":{"line":8,"column":58}},"7":{"start":{"line":10,"column":0},"end":{"line":10,"column":29}}},"fnMap":{},"branchMap":{},"s":{"0":5,"1":5,"2":5,"3":5,"4":5,"5":5,"6":5,"7":5},"f":{},"b":{},"_coverageSchema":"1a1c01bbd47fc00a2c39e90264f33305004495a9","hash":"9cbda1e4f987b5a30154ef2976858bac0ff7dab1"}
}
