TN:
SF:server.js
FN:22,(anonymous_0)
FN:34,(anonymous_1)
FN:44,(anonymous_2)
FNF:3
FNH:0
FNDA:0,(anonymous_0)
FNDA:0,(anonymous_1)
FNDA:0,(anonymous_2)
DA:1,5
DA:2,5
DA:3,5
DA:4,5
DA:6,5
DA:8,5
DA:9,5
DA:10,5
DA:11,5
DA:12,5
DA:14,5
DA:16,5
DA:17,5
DA:18,5
DA:19,5
DA:20,5
DA:22,5
DA:23,0
DA:26,5
DA:27,5
DA:29,5
DA:30,5
DA:31,5
DA:32,5
DA:34,5
DA:35,0
DA:36,0
DA:37,0
DA:38,0
DA:41,5
DA:43,5
DA:44,0
DA:45,0
LF:33
LH:26
BRDA:1,0,0,5
BRDA:1,0,1,0
BRDA:43,1,0,0
BRDA:43,1,1,5
BRDA:44,2,0,0
BRDA:44,2,1,0
BRF:6
BRH:2
end_of_record
TN:
SF:config\passport.js
FN:7,myExtractor
FN:33,(anonymous_1)
FN:38,(anonymous_2)
FN:46,(anonymous_3)
FN:49,(anonymous_4)
FNF:5
FNH:3
FNDA:57,myExtractor
FNDA:5,(anonymous_1)
FNDA:57,(anonymous_2)
FNDA:0,(anonymous_3)
FNDA:0,(anonymous_4)
DA:1,5
DA:2,5
DA:3,5
DA:5,5
DA:8,57
DA:9,57
DA:10,57
DA:15,57
DA:18,57
DA:20,0
DA:21,0
DA:22,0
DA:25,0
DA:28,0
DA:30,0
DA:33,5
DA:34,5
DA:35,5
DA:36,5
DA:37,5
DA:39,57
DA:40,57
DA:41,57
DA:42,0
DA:45,0
DA:47,0
DA:50,0
LF:27
LH:17
BRDA:9,0,0,57
BRDA:9,0,1,0
BRDA:10,1,0,57
BRDA:10,1,1,0
BRDA:11,2,0,57
BRDA:11,2,1,56
BRDA:11,2,2,9
BRDA:11,2,3,50
BRDA:20,3,0,0
BRDA:20,3,1,0
BRDA:21,4,0,0
BRDA:21,4,1,0
BRDA:21,5,0,0
BRDA:21,5,1,0
BRDA:39,6,0,57
BRDA:39,6,1,0
BRDA:41,7,0,0
BRDA:41,7,1,57
BRDA:41,8,0,57
BRDA:41,8,1,0
BRF:20
BRH:9
end_of_record
TN:
SF:controllers\accountController.js
FN:12,(anonymous_0)
FN:19,(anonymous_1)
FN:29,(anonymous_2)
FN:42,(anonymous_3)
FN:45,(anonymous_4)
FN:47,(anonymous_5)
FN:48,(anonymous_6)
FN:49,(anonymous_7)
FN:78,(anonymous_8)
FN:86,(anonymous_9)
FN:93,(anonymous_10)
FN:94,(anonymous_11)
FN:96,(anonymous_12)
FN:109,(anonymous_13)
FN:121,(anonymous_14)
FN:122,bcryptHashCallBack
FN:133,(anonymous_16)
FN:143,(anonymous_17)
FN:147,(anonymous_18)
FN:149,(anonymous_19)
FN:157,(anonymous_20)
FN:167,(anonymous_21)
FN:168,(anonymous_22)
FNF:23
FNH:22
FNDA:5,(anonymous_0)
FNDA:4,(anonymous_1)
FNDA:2,(anonymous_2)
FNDA:1,(anonymous_3)
FNDA:1,(anonymous_4)
FNDA:4,(anonymous_5)
FNDA:4,(anonymous_6)
FNDA:4,(anonymous_7)
FNDA:5,(anonymous_8)
FNDA:3,(anonymous_9)
FNDA:1,(anonymous_10)
FNDA:2,(anonymous_11)
FNDA:7,(anonymous_12)
FNDA:2,(anonymous_13)
FNDA:1,(anonymous_14)
FNDA:1,bcryptHashCallBack
FNDA:1,(anonymous_16)
FNDA:0,(anonymous_17)
FNDA:1,(anonymous_18)
FNDA:6,(anonymous_19)
FNDA:4,(anonymous_20)
FNDA:1,(anonymous_21)
FNDA:3,(anonymous_22)
DA:1,5
DA:3,5
DA:4,5
DA:6,5
DA:7,5
DA:9,5
DA:13,5
DA:14,5
DA:15,5
DA:16,5
DA:17,5
DA:20,4
DA:21,4
DA:22,4
DA:23,2
DA:25,2
DA:30,2
DA:31,1
DA:35,1
DA:43,1
DA:45,1
DA:48,4
DA:49,4
DA:50,4
DA:51,0
DA:57,4
DA:58,2
DA:60,2
DA:63,2
DA:79,5
DA:80,5
DA:81,5
DA:82,2
DA:84,3
DA:87,3
DA:88,1
DA:90,2
DA:93,1
DA:94,2
DA:97,7
DA:98,7
DA:99,7
DA:100,5
DA:101,5
DA:103,2
DA:110,2
DA:111,1
DA:117,1
DA:118,1
DA:123,1
DA:124,1
DA:125,0
DA:131,1
DA:134,1
DA:143,0
DA:145,1
DA:147,1
DA:150,6
DA:151,6
DA:152,6
DA:153,2
DA:155,4
DA:158,4
DA:159,2
DA:164,2
DA:167,1
DA:168,3
DA:172,5
LF:68
LH:65
BRDA:22,0,0,2
BRDA:22,0,1,2
BRDA:30,1,0,1
BRDA:30,1,1,1
BRDA:45,2,0,1
BRDA:45,2,1,0
BRDA:50,3,0,0
BRDA:50,3,1,4
BRDA:57,4,0,2
BRDA:57,4,1,2
BRDA:81,5,0,2
BRDA:81,5,1,3
BRDA:87,6,0,1
BRDA:87,6,1,2
BRDA:99,7,0,5
BRDA:99,7,1,2
BRDA:110,8,0,1
BRDA:110,8,1,1
BRDA:124,9,0,0
BRDA:124,9,1,1
BRDA:147,10,0,1
BRDA:147,10,1,0
BRDA:152,11,0,2
BRDA:152,11,1,4
BRDA:158,12,0,2
BRDA:158,12,1,2
BRDA:158,13,0,4
BRDA:158,13,1,3
BRF:28
BRH:24
end_of_record
TN:
SF:controllers\mailerController.js
FN:4,(anonymous_0)
FN:7,(anonymous_1)
FN:22,(anonymous_2)
FNF:3
FNH:3
FNDA:5,(anonymous_0)
FNDA:2,(anonymous_1)
FNDA:2,(anonymous_2)
DA:1,5
DA:5,5
DA:8,2
DA:15,2
DA:22,2
DA:23,2
DA:24,1
DA:26,1
DA:31,5
LF:9
LH:9
BRDA:23,0,0,1
BRDA:23,0,1,1
BRF:2
BRH:2
end_of_record
TN:
SF:controllers\mastersController.js
FN:12,(anonymous_0)
FN:30,(anonymous_1)
FN:39,(anonymous_2)
FN:40,(anonymous_3)
FN:42,(anonymous_4)
FN:44,(anonymous_5)
FN:50,(anonymous_6)
FN:51,(anonymous_7)
FN:53,(anonymous_8)
FN:66,(anonymous_9)
FN:76,(anonymous_10)
FN:108,(anonymous_11)
FN:109,(anonymous_12)
FN:111,(anonymous_13)
FN:113,(anonymous_14)
FN:131,(anonymous_15)
FN:132,(anonymous_16)
FN:134,(anonymous_17)
FN:147,(anonymous_18)
FN:156,(anonymous_19)
FN:157,(anonymous_20)
FN:160,(anonymous_21)
FN:164,(anonymous_22)
FN:165,(anonymous_23)
FN:166,(anonymous_24)
FN:171,(anonymous_25)
FN:179,(anonymous_26)
FN:182,(anonymous_27)
FN:184,(anonymous_28)
FN:194,(anonymous_29)
FN:195,(anonymous_30)
FN:198,(anonymous_31)
FN:202,(anonymous_32)
FN:203,(anonymous_33)
FN:211,(anonymous_34)
FN:214,(anonymous_35)
FN:215,(anonymous_36)
FN:222,(anonymous_37)
FN:224,(anonymous_38)
FN:238,(anonymous_39)
FN:243,(anonymous_40)
FN:245,(anonymous_41)
FN:248,(anonymous_42)
FN:255,(anonymous_43)
FN:262,(anonymous_44)
FNF:45
FNH:37
FNDA:5,(anonymous_0)
FNDA:2,(anonymous_1)
FNDA:2,(anonymous_2)
FNDA:1,(anonymous_3)
FNDA:0,(anonymous_4)
FNDA:0,(anonymous_5)
FNDA:2,(anonymous_6)
FNDA:0,(anonymous_7)
FNDA:6,(anonymous_8)
FNDA:3,(anonymous_9)
FNDA:3,(anonymous_10)
FNDA:2,(anonymous_11)
FNDA:1,(anonymous_12)
FNDA:2,(anonymous_13)
FNDA:1,(anonymous_14)
FNDA:1,(anonymous_15)
FNDA:2,(anonymous_16)
FNDA:9,(anonymous_17)
FNDA:3,(anonymous_18)
FNDA:1,(anonymous_19)
FNDA:1,(anonymous_20)
FNDA:1,(anonymous_21)
FNDA:1,(anonymous_22)
FNDA:1,(anonymous_23)
FNDA:1,(anonymous_24)
FNDA:1,(anonymous_25)
FNDA:1,(anonymous_26)
FNDA:0,(anonymous_27)
FNDA:3,(anonymous_28)
FNDA:1,(anonymous_29)
FNDA:1,(anonymous_30)
FNDA:1,(anonymous_31)
FNDA:1,(anonymous_32)
FNDA:1,(anonymous_33)
FNDA:1,(anonymous_34)
FNDA:0,(anonymous_35)
FNDA:0,(anonymous_36)
FNDA:1,(anonymous_37)
FNDA:0,(anonymous_38)
FNDA:1,(anonymous_39)
FNDA:0,(anonymous_40)
FNDA:2,(anonymous_41)
FNDA:2,(anonymous_42)
FNDA:1,(anonymous_43)
FNDA:1,(anonymous_44)
DA:1,5
DA:2,5
DA:4,5
DA:5,5
DA:6,5
DA:7,5
DA:9,5
DA:13,5
DA:14,5
DA:15,5
DA:16,5
DA:18,5
DA:19,5
DA:20,5
DA:21,5
DA:22,5
DA:23,5
DA:25,5
DA:26,5
DA:28,5
DA:31,2
DA:40,2
DA:41,1
DA:42,0
DA:43,1
DA:44,0
DA:46,1
DA:47,1
DA:50,2
DA:51,0
DA:54,6
DA:55,6
DA:56,3
DA:57,3
DA:60,3
DA:67,3
DA:77,3
DA:78,1
DA:83,2
DA:84,2
DA:85,2
DA:109,2
DA:110,2
DA:111,2
DA:113,2
DA:114,1
DA:115,1
DA:117,2
DA:118,1
DA:123,1
DA:131,1
DA:132,2
DA:135,9
DA:137,2
DA:139,6
DA:141,1
DA:148,3
DA:149,3
DA:150,2
DA:152,1
DA:153,1
DA:154,1
DA:156,1
DA:157,1
DA:158,1
DA:160,1
DA:163,1
DA:164,1
DA:166,1
DA:167,1
DA:168,1
DA:172,1
DA:180,1
DA:182,0
DA:185,3
DA:186,3
DA:187,2
DA:188,2
DA:190,1
DA:191,1
DA:192,1
DA:194,1
DA:195,1
DA:196,1
DA:198,1
DA:201,1
DA:202,1
DA:204,1
DA:212,1
DA:213,1
DA:214,0
DA:215,0
DA:216,0
DA:221,1
DA:222,1
DA:223,1
DA:224,0
DA:226,1
DA:230,1
DA:239,1
DA:243,0
DA:246,2
DA:249,2
DA:250,1
DA:252,1
DA:256,1
DA:263,1
DA:268,5
LF:108
LH:99
BRDA:42,0,0,1
BRDA:42,0,1,1
BRDA:55,1,0,3
BRDA:55,1,1,3
BRDA:77,2,0,1
BRDA:77,2,1,2
BRDA:117,3,0,1
BRDA:117,3,1,1
BRDA:132,4,0,2
BRDA:132,4,1,0
BRDA:135,5,0,2
BRDA:135,5,1,6
BRDA:135,5,2,1
BRDA:149,6,0,2
BRDA:149,6,1,1
BRDA:182,7,0,0
BRDA:182,7,1,0
BRDA:186,8,0,2
BRDA:186,8,1,1
BRDA:212,9,0,1
BRDA:212,9,1,0
BRDA:213,10,0,0
BRDA:213,10,1,1
BRDA:215,11,0,0
BRDA:215,11,1,0
BRDA:221,12,0,1
BRDA:221,12,1,0
BRDA:223,13,0,1
BRDA:223,13,1,0
BRDA:249,14,0,1
BRDA:249,14,1,1
BRDA:263,15,0,1
BRDA:263,15,1,0
BRF:33
BRH:23
end_of_record
TN:
SF:controllers\ordersController.js
FN:7,(anonymous_0)
FN:17,(anonymous_1)
FN:20,(anonymous_2)
FN:21,(anonymous_3)
FN:23,(anonymous_4)
FN:35,(anonymous_5)
FN:44,(anonymous_6)
FN:45,(anonymous_7)
FN:47,(anonymous_8)
FN:55,(anonymous_9)
FN:65,(anonymous_10)
FN:72,(anonymous_11)
FN:77,(anonymous_12)
FN:83,(anonymous_13)
FN:92,(anonymous_14)
FN:102,(anonymous_15)
FN:116,(anonymous_16)
FN:121,(anonymous_17)
FN:127,(anonymous_18)
FN:130,(anonymous_19)
FN:145,(anonymous_20)
FN:152,(anonymous_21)
FNF:22
FNH:20
FNDA:5,(anonymous_0)
FNDA:1,(anonymous_1)
FNDA:1,(anonymous_2)
FNDA:0,(anonymous_3)
FNDA:4,(anonymous_4)
FNDA:2,(anonymous_5)
FNDA:2,(anonymous_6)
FNDA:0,(anonymous_7)
FNDA:10,(anonymous_8)
FNDA:3,(anonymous_9)
FNDA:2,(anonymous_10)
FNDA:1,(anonymous_11)
FNDA:2,(anonymous_12)
FNDA:10,(anonymous_13)
FNDA:3,(anonymous_14)
FNDA:2,(anonymous_15)
FNDA:1,(anonymous_16)
FNDA:2,(anonymous_17)
FNDA:2,(anonymous_18)
FNDA:2,(anonymous_19)
FNDA:1,(anonymous_20)
FNDA:1,(anonymous_21)
DA:1,5
DA:2,5
DA:3,5
DA:4,5
DA:8,5
DA:9,5
DA:10,5
DA:11,5
DA:12,5
DA:13,5
DA:14,5
DA:15,5
DA:18,1
DA:20,1
DA:21,0
DA:24,4
DA:25,4
DA:26,4
DA:27,2
DA:28,2
DA:30,2
DA:36,2
DA:37,1
DA:42,1
DA:44,2
DA:45,0
DA:48,10
DA:49,10
DA:50,10
DA:51,7
DA:53,3
DA:56,3
DA:57,2
DA:59,1
DA:66,2
DA:67,1
DA:69,1
DA:73,1
DA:78,2
DA:84,10
DA:85,10
DA:86,10
DA:87,7
DA:88,7
DA:90,3
DA:93,3
DA:94,2
DA:96,1
DA:103,2
DA:104,1
DA:110,1
DA:117,1
DA:122,2
DA:128,2
DA:131,2
DA:132,1
DA:138,1
DA:146,1
DA:152,1
DA:156,5
LF:60
LH:58
BRDA:26,0,0,2
BRDA:26,0,1,2
BRDA:36,1,0,1
BRDA:36,1,1,1
BRDA:44,2,0,2
BRDA:44,2,1,0
BRDA:50,3,0,7
BRDA:50,3,1,3
BRDA:56,4,0,2
BRDA:56,4,1,1
BRDA:66,5,0,1
BRDA:66,5,1,1
BRDA:79,6,0,2
BRDA:79,6,1,0
BRDA:80,7,0,2
BRDA:80,7,1,0
BRDA:86,8,0,7
BRDA:86,8,1,3
BRDA:93,9,0,2
BRDA:93,9,1,1
BRDA:103,10,0,1
BRDA:103,10,1,1
BRDA:123,11,0,2
BRDA:123,11,1,0
BRDA:124,12,0,2
BRDA:124,12,1,0
BRDA:131,13,0,1
BRDA:131,13,1,1
BRDA:152,14,0,1
BRDA:152,14,1,0
BRF:30
BRH:24
end_of_record
TN:
SF:controllers\townsController.js
FN:5,(anonymous_0)
FN:12,(anonymous_1)
FN:15,(anonymous_2)
FN:16,(anonymous_3)
FN:18,(anonymous_4)
FN:25,(anonymous_5)
FN:36,(anonymous_6)
FN:41,(anonymous_7)
FN:43,(anonymous_8)
FN:51,(anonymous_9)
FN:66,(anonymous_10)
FN:71,(anonymous_11)
FN:73,(anonymous_12)
FN:76,(anonymous_13)
FN:83,(anonymous_14)
FN:90,(anonymous_15)
FNF:16
FNH:15
FNDA:5,(anonymous_0)
FNDA:1,(anonymous_1)
FNDA:1,(anonymous_2)
FNDA:0,(anonymous_3)
FNDA:5,(anonymous_4)
FNDA:2,(anonymous_5)
FNDA:1,(anonymous_6)
FNDA:1,(anonymous_7)
FNDA:5,(anonymous_8)
FNDA:2,(anonymous_9)
FNDA:1,(anonymous_10)
FNDA:1,(anonymous_11)
FNDA:2,(anonymous_12)
FNDA:2,(anonymous_13)
FNDA:1,(anonymous_14)
FNDA:1,(anonymous_15)
DA:1,5
DA:2,5
DA:6,5
DA:7,5
DA:8,5
DA:9,5
DA:10,5
DA:13,1
DA:15,1
DA:16,0
DA:19,5
DA:20,5
DA:21,3
DA:23,2
DA:26,2
DA:27,1
DA:33,1
DA:37,1
DA:41,1
DA:44,5
DA:45,5
DA:46,3
DA:47,3
DA:49,2
DA:52,2
DA:53,1
DA:59,1
DA:67,1
DA:71,1
DA:74,2
DA:77,2
DA:78,1
DA:80,1
DA:84,1
DA:90,1
DA:94,5
LF:36
LH:35
BRDA:20,0,0,3
BRDA:20,0,1,2
BRDA:26,1,0,1
BRDA:26,1,1,1
BRDA:45,2,0,3
BRDA:45,2,1,2
BRDA:52,3,0,1
BRDA:52,3,1,1
BRDA:77,4,0,1
BRDA:77,4,1,1
BRDA:90,5,0,1
BRDA:90,5,1,0
BRF:12
BRH:11
end_of_record
TN:
SF:db\init.js
FNF:0
FNH:0
DA:1,6
DA:2,6
DA:4,6
DA:12,6
DA:13,6
DA:25,6
LF:6
LH:6
BRF:0
BRH:0
end_of_record
TN:
SF:helpers\dateHelper.js
FN:1,(anonymous_0)
FNF:1
FNH:1
FNDA:21,(anonymous_0)
DA:1,6
DA:2,21
DA:3,21
DA:4,21
DA:5,21
DA:6,4
DA:8,17
LF:7
LH:7
BRDA:5,0,0,4
BRDA:5,0,1,17
BRF:2
BRH:2
end_of_record
TN:
SF:helpers\resetDB.js
FN:7,(anonymous_0)
FN:14,(anonymous_1)
FNF:2
FNH:2
FNDA:79,(anonymous_0)
FNDA:79,(anonymous_1)
DA:1,4
DA:2,4
DA:3,4
DA:4,4
DA:5,4
DA:7,79
DA:14,79
LF:7
LH:7
BRF:0
BRH:0
end_of_record
TN:
SF:helpers\validators.js
FN:3,(anonymous_0)
FN:6,(anonymous_1)
FN:40,(anonymous_2)
FN:70,(anonymous_3)
FN:87,(anonymous_4)
FN:155,(anonymous_5)
FN:175,(anonymous_6)
FN:193,(anonymous_7)
FN:212,(anonymous_8)
FNF:9
FNH:9
FNDA:6,(anonymous_0)
FNDA:17,(anonymous_1)
FNDA:6,(anonymous_2)
FNDA:4,(anonymous_3)
FNDA:40,(anonymous_4)
FNDA:14,(anonymous_5)
FNDA:10,(anonymous_6)
FNDA:15,(anonymous_7)
FNDA:20,(anonymous_8)
DA:1,6
DA:4,6
DA:7,17
DA:8,17
DA:9,39
DA:10,3
DA:16,36
DA:18,15
DA:19,6
DA:26,9
DA:28,8
DA:29,5
DA:35,3
DA:38,3
DA:41,6
DA:42,15
DA:43,1
DA:45,14
DA:47,5
DA:52,1
DA:58,4
DA:59,1
DA:65,3
DA:68,3
DA:71,4
DA:72,1
DA:78,3
DA:79,1
DA:85,2
DA:88,40
DA:89,190
DA:90,11
DA:92,179
DA:94,36
DA:95,6
DA:102,30
DA:104,29
DA:105,3
DA:111,26
DA:113,25
DA:114,3
DA:121,22
DA:123,20
DA:128,3
DA:134,17
DA:135,3
DA:141,14
DA:143,13
DA:144,4
DA:150,9
DA:153,7
DA:156,14
DA:157,3
DA:159,11
DA:160,3
DA:166,8
DA:167,3
DA:173,5
DA:176,10
DA:177,2
DA:183,8
DA:184,5
DA:191,3
DA:194,15
DA:195,15
DA:196,3
DA:202,12
DA:203,4
DA:210,8
DA:213,20
DA:214,41
DA:215,5
DA:217,36
DA:219,12
DA:220,2
DA:226,10
DA:227,2
DA:233,8
DA:235,5
DA:236,3
DA:243,2
DA:245,15
DA:246,5
DA:253,10
DA:256,3
DA:260,6
LF:86
LH:86
BRDA:9,0,0,3
BRDA:9,0,1,36
BRDA:9,1,0,39
BRDA:9,1,1,36
BRDA:16,2,0,15
BRDA:16,2,1,8
BRDA:18,3,0,6
BRDA:18,3,1,9
BRDA:18,4,0,15
BRDA:18,4,1,12
BRDA:28,5,0,5
BRDA:28,5,1,3
BRDA:28,6,0,8
BRDA:28,6,1,6
BRDA:42,7,0,1
BRDA:42,7,1,14
BRDA:45,8,0,5
BRDA:47,9,0,1
BRDA:47,9,1,4
BRDA:58,10,0,1
BRDA:58,10,1,3
BRDA:71,11,0,1
BRDA:71,11,1,3
BRDA:78,12,0,1
BRDA:78,12,1,2
BRDA:89,13,0,11
BRDA:89,13,1,179
BRDA:89,14,0,190
BRDA:89,14,1,179
BRDA:92,15,0,36
BRDA:92,15,1,29
BRDA:92,15,2,25
BRDA:92,15,3,20
BRDA:92,15,4,13
BRDA:94,16,0,6
BRDA:94,16,1,30
BRDA:94,17,0,36
BRDA:94,17,1,33
BRDA:104,18,0,3
BRDA:104,18,1,26
BRDA:113,19,0,3
BRDA:113,19,1,22
BRDA:123,20,0,3
BRDA:123,20,1,17
BRDA:134,21,0,3
BRDA:134,21,1,14
BRDA:143,22,0,4
BRDA:143,22,1,9
BRDA:143,23,0,13
BRDA:143,23,1,10
BRDA:156,24,0,3
BRDA:156,24,1,11
BRDA:159,25,0,3
BRDA:159,25,1,8
BRDA:166,26,0,3
BRDA:166,26,1,5
BRDA:176,27,0,2
BRDA:176,27,1,8
BRDA:183,28,0,5
BRDA:183,28,1,3
BRDA:183,29,0,8
BRDA:183,29,1,6
BRDA:195,30,0,3
BRDA:195,30,1,12
BRDA:202,31,0,4
BRDA:202,31,1,8
BRDA:202,32,0,12
BRDA:202,32,1,9
BRDA:214,33,0,5
BRDA:214,33,1,36
BRDA:217,34,0,12
BRDA:217,34,1,5
BRDA:217,34,2,15
BRDA:219,35,0,2
BRDA:219,35,1,10
BRDA:226,36,0,2
BRDA:226,36,1,8
BRDA:235,37,0,3
BRDA:235,37,1,2
BRDA:235,38,0,5
BRDA:235,38,1,3
BRDA:245,39,0,5
BRDA:245,39,1,10
BRDA:245,40,0,15
BRDA:245,40,1,13
BRF:85
BRH:85
end_of_record
TN:
SF:models\mastersModel.js
FN:3,(anonymous_0)
FNF:1
FNH:1
FNDA:5,(anonymous_0)
DA:1,5
DA:3,5
DA:4,5
DA:22,5
LF:4
LH:4
BRF:0
BRH:0
end_of_record
TN:
SF:models\masters_towns.js
FN:3,(anonymous_0)
FNF:1
FNH:1
FNDA:5,(anonymous_0)
DA:1,5
DA:3,5
DA:4,5
DA:7,5
LF:4
LH:4
BRF:0
BRH:0
end_of_record
TN:
SF:models\ordersModel.js
FN:3,(anonymous_0)
FNF:1
FNH:1
FNDA:5,(anonymous_0)
DA:1,5
DA:3,5
DA:4,5
DA:47,5
LF:4
LH:4
BRF:0
BRH:0
end_of_record
TN:
SF:models\townsModel.js
FN:3,(anonymous_0)
FNF:1
FNH:1
FNDA:5,(anonymous_0)
DA:1,5
DA:3,5
DA:4,5
DA:18,5
LF:4
LH:4
BRF:0
BRH:0
end_of_record
TN:
SF:models\usersModel.js
FN:3,(anonymous_0)
FNF:1
FNH:1
FNDA:5,(anonymous_0)
DA:1,5
DA:3,5
DA:4,5
DA:30,5
LF:4
LH:4
BRF:0
BRH:0
end_of_record
TN:
SF:routes\accountRouter.js
FNF:0
FNH:0
DA:1,5
DA:2,5
DA:4,5
DA:6,5
DA:7,5
DA:8,5
DA:9,5
DA:10,5
LF:8
LH:8
BRF:0
BRH:0
end_of_record
TN:
SF:routes\mailerRouter.js
FNF:0
FNH:0
DA:1,5
DA:2,5
DA:3,5
DA:5,5
DA:7,5
LF:5
LH:5
BRF:0
BRH:0
end_of_record
TN:
SF:routes\mastersRouter.js
FNF:0
FNH:0
DA:1,5
DA:2,5
DA:3,5
DA:5,5
DA:6,5
DA:7,5
DA:8,5
DA:10,5
LF:8
LH:8
BRF:0
BRH:0
end_of_record
TN:
SF:routes\ordersRouter.js
FNF:0
FNH:0
DA:1,5
DA:2,5
DA:3,5
DA:5,5
DA:6,5
DA:7,5
DA:8,5
DA:9,5
DA:11,5
LF:9
LH:9
BRF:0
BRH:0
end_of_record
TN:
SF:routes\townsRouter.js
FNF:0
FNH:0
DA:1,5
DA:2,5
DA:3,5
DA:5,5
DA:6,5
DA:7,5
DA:8,5
DA:10,5
LF:8
LH:8
BRF:0
BRH:0
end_of_record
